Tue Jul 05 2016 15:15:58 GMT+0800 (CST):url:/test/?code=021rrOlK06BTWk2niCnK0iiMlK0rrOlc&state=STATE+,params:{"code":"021rrOlK06BTWk2niCnK0iiMlK0rrOlc","state":"STATE"},error:GET:/test/?code=021rrOlK06BTWk2niCnK0iiMlK0rrOlc&state=STATE,TypeError: this.oauthGetTokenAsync is not a function
    at WeixinService.oauthGetUserInfo (/word/git/56yun_weixin/server/service/weixinService.js:149:14)
    at /word/git/56yun_weixin/server/controllers/weixinRouter.js:17:34
    at Layer.handle [as handle_request] (/word/git/56yun_weixin/node_modules/express/lib/router/layer.js:95:5)
    at next (/word/git/56yun_weixin/node_modules/express/lib/router/route.js:131:13)
    at Route.dispatch (/word/git/56yun_weixin/node_modules/express/lib/router/route.js:112:3)
    at Layer.handle [as handle_request] (/word/git/56yun_weixin/node_modules/express/lib/router/layer.js:95:5)
    at /word/git/56yun_weixin/node_modules/express/lib/router/index.js:277:22
    at Function.process_params (/word/git/56yun_weixin/node_modules/express/lib/router/index.js:330:12)
    at Domain.next (/word/git/56yun_weixin/node_modules/express/lib/router/index.js:271:10)
    at Domain.run (domain.js:221:14)
    at Object.IOException.nioExceptionHandle (/word/git/56yun_weixin/server/helpers/exception.js:68:22)
    at /word/git/56yun_weixin/app.js:29:15
    at Layer.handle [as handle_request] (/word/git/56yun_weixin/node_modules/express/lib/router/layer.js:95:5)
    at trim_prefix (/word/git/56yun_weixin/node_modules/express/lib/router/index.js:312:13)
    at /word/git/56yun_weixin/node_modules/express/lib/router/index.js:280:7
    at Function.process_params (/word/git/56yun_weixin/node_modules/express/lib/router/index.js:330:12)
Tue Jul 05 2016 15:18:20 GMT+0800 (CST):url:/test/?code=011CbuBw0DFL3o1489Dw0DfwBw0CbuBP&state=STATE+,params:{"code":"011CbuBw0DFL3o1489Dw0DfwBw0CbuBP","state":"STATE"},error:GET:/test/?code=011CbuBw0DFL3o1489Dw0DfwBw0CbuBP&state=STATE,TypeError: this.oauthGetTokenAsync is not a function
    at WeixinService.oauthGetUserInfo (/word/git/56yun_weixin/server/service/weixinService.js:149:14)
    at /word/git/56yun_weixin/server/controllers/weixinRouter.js:17:34
    at Layer.handle [as handle_request] (/word/git/56yun_weixin/node_modules/express/lib/router/layer.js:95:5)
    at next (/word/git/56yun_weixin/node_modules/express/lib/router/route.js:131:13)
    at Route.dispatch (/word/git/56yun_weixin/node_modules/express/lib/router/route.js:112:3)
    at Layer.handle [as handle_request] (/word/git/56yun_weixin/node_modules/express/lib/router/layer.js:95:5)
    at /word/git/56yun_weixin/node_modules/express/lib/router/index.js:277:22
    at Function.process_params (/word/git/56yun_weixin/node_modules/express/lib/router/index.js:330:12)
    at Domain.next (/word/git/56yun_weixin/node_modules/express/lib/router/index.js:271:10)
    at Domain.run (domain.js:221:14)
    at Object.IOException.nioExceptionHandle (/word/git/56yun_weixin/server/helpers/exception.js:68:22)
    at /word/git/56yun_weixin/app.js:29:15
    at Layer.handle [as handle_request] (/word/git/56yun_weixin/node_modules/express/lib/router/layer.js:95:5)
    at trim_prefix (/word/git/56yun_weixin/node_modules/express/lib/router/index.js:312:13)
    at /word/git/56yun_weixin/node_modules/express/lib/router/index.js:280:7
    at Function.process_params (/word/git/56yun_weixin/node_modules/express/lib/router/index.js:330:12)
Wed Jul 06 2016 14:38:46 GMT+0800 (CST):url:/wx/createMenu+,params:{},error:GET:/wx/createMenu,ReferenceError: redis is not defined
    at getToken (/word/git/56yun_weixin/server/service/weixinService.js:218:5)
    at API.getLatestToken (/word/git/56yun_weixin/node_modules/wechat-api/lib/api_common.js:249:8)
    at WeixinService.getLatestToken (/word/git/56yun_weixin/server/service/weixinService.js:69:18)
    at WeixinService.createMenu (/word/git/56yun_weixin/server/service/weixinService.js:114:14)
    at app.get (/word/git/56yun_weixin/server/controllers/weixinRouter.js:13:64)
    at Layer.handle [as handle_request] (/word/git/56yun_weixin/node_modules/express/lib/router/layer.js:95:5)
    at next (/word/git/56yun_weixin/node_modules/express/lib/router/route.js:131:13)
    at Route.dispatch (/word/git/56yun_weixin/node_modules/express/lib/router/route.js:112:3)
    at Layer.handle [as handle_request] (/word/git/56yun_weixin/node_modules/express/lib/router/layer.js:95:5)
    at /word/git/56yun_weixin/node_modules/express/lib/router/index.js:277:22
    at Function.process_params (/word/git/56yun_weixin/node_modules/express/lib/router/index.js:330:12)
    at Domain.next (/word/git/56yun_weixin/node_modules/express/lib/router/index.js:271:10)
    at Domain.run (domain.js:221:14)
    at Object.IOException.nioExceptionHandle (/word/git/56yun_weixin/server/helpers/exception.js:68:22)
    at /word/git/56yun_weixin/app.js:28:15
    at Layer.handle [as handle_request] (/word/git/56yun_weixin/node_modules/express/lib/router/layer.js:95:5)
Wed Jul 20 2016 17:52:22 GMT+0800 (CST):url:/wx/JsSdkConfig+,params:{},error:GET:/wx/JsSdkConfig,Error: e000
    at WeixinService.getJsConfig (/word/git/56yun_weixin/server/service/weixinService.js:210:15)
    at app.get (/word/git/56yun_weixin/server/controllers/weixinRouter.js:27:23)
    at Layer.handle [as handle_request] (/word/git/56yun_weixin/node_modules/express/lib/router/layer.js:95:5)
    at next (/word/git/56yun_weixin/node_modules/express/lib/router/route.js:131:13)
    at Route.dispatch (/word/git/56yun_weixin/node_modules/express/lib/router/route.js:112:3)
    at Layer.handle [as handle_request] (/word/git/56yun_weixin/node_modules/express/lib/router/layer.js:95:5)
    at /word/git/56yun_weixin/node_modules/express/lib/router/index.js:277:22
    at Function.process_params (/word/git/56yun_weixin/node_modules/express/lib/router/index.js:330:12)
    at Domain.next (/word/git/56yun_weixin/node_modules/express/lib/router/index.js:271:10)
    at Domain.run (domain.js:221:14)
    at Object.IOException.nioExceptionHandle (/word/git/56yun_weixin/server/helpers/exception.js:68:22)
    at /word/git/56yun_weixin/app.js:28:15
    at Layer.handle [as handle_request] (/word/git/56yun_weixin/node_modules/express/lib/router/layer.js:95:5)
    at trim_prefix (/word/git/56yun_weixin/node_modules/express/lib/router/index.js:312:13)
    at /word/git/56yun_weixin/node_modules/express/lib/router/index.js:280:7
    at Function.process_params (/word/git/56yun_weixin/node_modules/express/lib/router/index.js:330:12)
Wed Jul 20 2016 17:55:16 GMT+0800 (CST):url:/wx/JsSdkConfig+,params:{},error:GET:/wx/JsSdkConfig,Error: e000
    at WeixinService.getJsConfig (/word/git/56yun_weixin/server/service/weixinService.js:210:15)
    at app.get (/word/git/56yun_weixin/server/controllers/weixinRouter.js:27:23)
    at Layer.handle [as handle_request] (/word/git/56yun_weixin/node_modules/express/lib/router/layer.js:95:5)
    at next (/word/git/56yun_weixin/node_modules/express/lib/router/route.js:131:13)
    at Route.dispatch (/word/git/56yun_weixin/node_modules/express/lib/router/route.js:112:3)
    at Layer.handle [as handle_request] (/word/git/56yun_weixin/node_modules/express/lib/router/layer.js:95:5)
    at /word/git/56yun_weixin/node_modules/express/lib/router/index.js:277:22
    at Function.process_params (/word/git/56yun_weixin/node_modules/express/lib/router/index.js:330:12)
    at Domain.next (/word/git/56yun_weixin/node_modules/express/lib/router/index.js:271:10)
    at Domain.run (domain.js:221:14)
    at Object.IOException.nioExceptionHandle (/word/git/56yun_weixin/server/helpers/exception.js:68:22)
    at /word/git/56yun_weixin/app.js:28:15
    at Layer.handle [as handle_request] (/word/git/56yun_weixin/node_modules/express/lib/router/layer.js:95:5)
    at trim_prefix (/word/git/56yun_weixin/node_modules/express/lib/router/index.js:312:13)
    at /word/git/56yun_weixin/node_modules/express/lib/router/index.js:280:7
    at Function.process_params (/word/git/56yun_weixin/node_modules/express/lib/router/index.js:330:12)
Wed Jul 20 2016 17:59:15 GMT+0800 (CST):url:/wx/JsSdkConfig+,params:{},error:GET:/wx/JsSdkConfig,Error: e000
    at WeixinService.getJsConfig (/word/git/56yun_weixin/server/service/weixinService.js:210:15)
    at app.get (/word/git/56yun_weixin/server/controllers/weixinRouter.js:27:23)
    at Layer.handle [as handle_request] (/word/git/56yun_weixin/node_modules/express/lib/router/layer.js:95:5)
    at next (/word/git/56yun_weixin/node_modules/express/lib/router/route.js:131:13)
    at Route.dispatch (/word/git/56yun_weixin/node_modules/express/lib/router/route.js:112:3)
    at Layer.handle [as handle_request] (/word/git/56yun_weixin/node_modules/express/lib/router/layer.js:95:5)
    at /word/git/56yun_weixin/node_modules/express/lib/router/index.js:277:22
    at Function.process_params (/word/git/56yun_weixin/node_modules/express/lib/router/index.js:330:12)
    at Domain.next (/word/git/56yun_weixin/node_modules/express/lib/router/index.js:271:10)
    at Domain.run (domain.js:221:14)
    at Object.IOException.nioExceptionHandle (/word/git/56yun_weixin/server/helpers/exception.js:68:22)
    at /word/git/56yun_weixin/app.js:28:15
    at Layer.handle [as handle_request] (/word/git/56yun_weixin/node_modules/express/lib/router/layer.js:95:5)
    at trim_prefix (/word/git/56yun_weixin/node_modules/express/lib/router/index.js:312:13)
    at /word/git/56yun_weixin/node_modules/express/lib/router/index.js:280:7
    at Function.process_params (/word/git/56yun_weixin/node_modules/express/lib/router/index.js:330:12)
Wed Jul 20 2016 18:00:47 GMT+0800 (CST):url:/wx/JsSdkConfig2+,params:{},error:GET:/wx/JsSdkConfig2,Error: 6666666
    at app.get (/word/git/56yun_weixin/server/controllers/weixinRouter.js:34:15)
    at Layer.handle [as handle_request] (/word/git/56yun_weixin/node_modules/express/lib/router/layer.js:95:5)
    at next (/word/git/56yun_weixin/node_modules/express/lib/router/route.js:131:13)
    at Route.dispatch (/word/git/56yun_weixin/node_modules/express/lib/router/route.js:112:3)
    at Layer.handle [as handle_request] (/word/git/56yun_weixin/node_modules/express/lib/router/layer.js:95:5)
    at /word/git/56yun_weixin/node_modules/express/lib/router/index.js:277:22
    at Function.process_params (/word/git/56yun_weixin/node_modules/express/lib/router/index.js:330:12)
    at Domain.next (/word/git/56yun_weixin/node_modules/express/lib/router/index.js:271:10)
    at Domain.run (domain.js:221:14)
    at Object.IOException.nioExceptionHandle (/word/git/56yun_weixin/server/helpers/exception.js:68:22)
    at /word/git/56yun_weixin/app.js:28:15
    at Layer.handle [as handle_request] (/word/git/56yun_weixin/node_modules/express/lib/router/layer.js:95:5)
    at trim_prefix (/word/git/56yun_weixin/node_modules/express/lib/router/index.js:312:13)
    at /word/git/56yun_weixin/node_modules/express/lib/router/index.js:280:7
    at Function.process_params (/word/git/56yun_weixin/node_modules/express/lib/router/index.js:330:12)
    at next (/word/git/56yun_weixin/node_modules/express/lib/router/index.js:271:10)
Wed Jul 20 2016 18:11:38 GMT+0800 (CST):url:/wx/JsSdkConfig+,params:{},error:GET:/wx/JsSdkConfig,Error: ENOENT: no such file or directory, open 'jkklkl.uuu'
    at Error (native)
Wed Jul 20 2016 18:20:25 GMT+0800 (CST):url:/wx/JsSdkConfig+,params:{},error:GET:/wx/JsSdkConfig,TypeError: Cannot read property 'then' of undefined
    at app.get (/word/git/56yun_weixin/server/controllers/weixinRouter.js:27:36)
    at Layer.handle [as handle_request] (/word/git/56yun_weixin/node_modules/express/lib/router/layer.js:95:5)
    at next (/word/git/56yun_weixin/node_modules/express/lib/router/route.js:131:13)
    at Route.dispatch (/word/git/56yun_weixin/node_modules/express/lib/router/route.js:112:3)
    at Layer.handle [as handle_request] (/word/git/56yun_weixin/node_modules/express/lib/router/layer.js:95:5)
    at /word/git/56yun_weixin/node_modules/express/lib/router/index.js:277:22
    at Function.process_params (/word/git/56yun_weixin/node_modules/express/lib/router/index.js:330:12)
    at Domain.next (/word/git/56yun_weixin/node_modules/express/lib/router/index.js:271:10)
    at Domain.run (domain.js:221:14)
    at Object.IOException.nioExceptionHandle (/word/git/56yun_weixin/server/helpers/exception.js:70:22)
    at /word/git/56yun_weixin/app.js:28:15
    at Layer.handle [as handle_request] (/word/git/56yun_weixin/node_modules/express/lib/router/layer.js:95:5)
    at trim_prefix (/word/git/56yun_weixin/node_modules/express/lib/router/index.js:312:13)
    at /word/git/56yun_weixin/node_modules/express/lib/router/index.js:280:7
    at Function.process_params (/word/git/56yun_weixin/node_modules/express/lib/router/index.js:330:12)
    at next (/word/git/56yun_weixin/node_modules/express/lib/router/index.js:271:10)
Wed Jul 20 2016 18:20:58 GMT+0800 (CST):url:/wx/JsSdkConfig+,params:{},error:GET:/wx/JsSdkConfig,TypeError: Cannot read property 'then' of undefined
    at app.get (/word/git/56yun_weixin/server/controllers/weixinRouter.js:27:36)
    at Layer.handle [as handle_request] (/word/git/56yun_weixin/node_modules/express/lib/router/layer.js:95:5)
    at next (/word/git/56yun_weixin/node_modules/express/lib/router/route.js:131:13)
    at Route.dispatch (/word/git/56yun_weixin/node_modules/express/lib/router/route.js:112:3)
    at Layer.handle [as handle_request] (/word/git/56yun_weixin/node_modules/express/lib/router/layer.js:95:5)
    at /word/git/56yun_weixin/node_modules/express/lib/router/index.js:277:22
    at Function.process_params (/word/git/56yun_weixin/node_modules/express/lib/router/index.js:330:12)
    at Domain.next (/word/git/56yun_weixin/node_modules/express/lib/router/index.js:271:10)
    at Domain.run (domain.js:221:14)
    at Object.IOException.nioExceptionHandle (/word/git/56yun_weixin/server/helpers/exception.js:70:22)
    at /word/git/56yun_weixin/app.js:28:15
    at Layer.handle [as handle_request] (/word/git/56yun_weixin/node_modules/express/lib/router/layer.js:95:5)
    at trim_prefix (/word/git/56yun_weixin/node_modules/express/lib/router/index.js:312:13)
    at /word/git/56yun_weixin/node_modules/express/lib/router/index.js:280:7
    at Function.process_params (/word/git/56yun_weixin/node_modules/express/lib/router/index.js:330:12)
    at next (/word/git/56yun_weixin/node_modules/express/lib/router/index.js:271:10)
Wed Jul 20 2016 18:24:54 GMT+0800 (CST):url:/wx/JsSdkConfig+,params:{},error:GET:/wx/JsSdkConfig,Error: Can't set headers after they are sent.
    at ServerResponse.OutgoingMessage.setHeader (_http_outgoing.js:346:11)
    at ServerResponse.header (/word/git/56yun_weixin/node_modules/express/lib/response.js:718:10)
    at ServerResponse.send (/word/git/56yun_weixin/node_modules/express/lib/response.js:163:12)
    at ServerResponse.json (/word/git/56yun_weixin/node_modules/express/lib/response.js:249:15)
    at Timeout._onTimeout (/word/git/56yun_weixin/server/controllers/weixinRouter.js:30:33)
    at tryOnTimeout (timers.js:224:11)
    at Timer.listOnTimeout (timers.js:198:5)
Wed Jul 20 2016 18:33:32 GMT+0800 (CST):url:/wx/JsSdkConfig+,params:{},error:GET:/wx/JsSdkConfig,Error: ENOENT: no such file or directory, open 'jkklkl.uuu'
    at Error (native)
Wed Jul 20 2016 18:35:43 GMT+0800 (CST):url:/wx/JsSdkConfig+,params:{},error:GET:/wx/JsSdkConfig,TypeError: Cannot read property 'then' of undefined
    at app.get (/word/git/56yun_weixin/server/controllers/weixinRouter.js:27:36)
    at Layer.handle [as handle_request] (/word/git/56yun_weixin/node_modules/express/lib/router/layer.js:95:5)
    at next (/word/git/56yun_weixin/node_modules/express/lib/router/route.js:131:13)
    at Route.dispatch (/word/git/56yun_weixin/node_modules/express/lib/router/route.js:112:3)
    at Layer.handle [as handle_request] (/word/git/56yun_weixin/node_modules/express/lib/router/layer.js:95:5)
    at /word/git/56yun_weixin/node_modules/express/lib/router/index.js:277:22
    at Function.process_params (/word/git/56yun_weixin/node_modules/express/lib/router/index.js:330:12)
    at Domain.next (/word/git/56yun_weixin/node_modules/express/lib/router/index.js:271:10)
    at Domain.run (domain.js:221:14)
    at Object.IOException.nioExceptionHandle (/word/git/56yun_weixin/server/helpers/exception.js:70:22)
    at /word/git/56yun_weixin/app.js:28:15
    at Layer.handle [as handle_request] (/word/git/56yun_weixin/node_modules/express/lib/router/layer.js:95:5)
    at trim_prefix (/word/git/56yun_weixin/node_modules/express/lib/router/index.js:312:13)
    at /word/git/56yun_weixin/node_modules/express/lib/router/index.js:280:7
    at Function.process_params (/word/git/56yun_weixin/node_modules/express/lib/router/index.js:330:12)
    at next (/word/git/56yun_weixin/node_modules/express/lib/router/index.js:271:10)
Wed Jul 20 2016 18:38:36 GMT+0800 (CST):url:/wx/JsSdkConfig+,params:{},error:GET:/wx/JsSdkConfig,TypeError: Cannot read property 'then' of undefined
    at app.get (/word/git/56yun_weixin/server/controllers/weixinRouter.js:27:36)
    at Layer.handle [as handle_request] (/word/git/56yun_weixin/node_modules/express/lib/router/layer.js:95:5)
    at next (/word/git/56yun_weixin/node_modules/express/lib/router/route.js:131:13)
    at Route.dispatch (/word/git/56yun_weixin/node_modules/express/lib/router/route.js:112:3)
    at Layer.handle [as handle_request] (/word/git/56yun_weixin/node_modules/express/lib/router/layer.js:95:5)
    at /word/git/56yun_weixin/node_modules/express/lib/router/index.js:277:22
    at Function.process_params (/word/git/56yun_weixin/node_modules/express/lib/router/index.js:330:12)
    at Domain.next (/word/git/56yun_weixin/node_modules/express/lib/router/index.js:271:10)
    at Domain.run (domain.js:221:14)
    at Object.IOException.nioExceptionHandle (/word/git/56yun_weixin/server/helpers/exception.js:70:22)
    at /word/git/56yun_weixin/app.js:28:15
    at Layer.handle [as handle_request] (/word/git/56yun_weixin/node_modules/express/lib/router/layer.js:95:5)
    at trim_prefix (/word/git/56yun_weixin/node_modules/express/lib/router/index.js:312:13)
    at /word/git/56yun_weixin/node_modules/express/lib/router/index.js:280:7
    at Function.process_params (/word/git/56yun_weixin/node_modules/express/lib/router/index.js:330:12)
    at next (/word/git/56yun_weixin/node_modules/express/lib/router/index.js:271:10)
Thu Jul 21 2016 11:18:31 GMT+0800 (CST):url:/wx/JsSdkConfig+,params:{},error:GET:/wx/JsSdkConfig,TypeError: Cannot read property 'then' of undefined
    at app.get (/word/git/56yun_weixin/server/controllers/weixinRouter.js:27:36)
    at Layer.handle [as handle_request] (/word/git/56yun_weixin/node_modules/express/lib/router/layer.js:95:5)
    at next (/word/git/56yun_weixin/node_modules/express/lib/router/route.js:131:13)
    at Route.dispatch (/word/git/56yun_weixin/node_modules/express/lib/router/route.js:112:3)
    at Layer.handle [as handle_request] (/word/git/56yun_weixin/node_modules/express/lib/router/layer.js:95:5)
    at /word/git/56yun_weixin/node_modules/express/lib/router/index.js:277:22
    at Function.process_params (/word/git/56yun_weixin/node_modules/express/lib/router/index.js:330:12)
    at Domain.next (/word/git/56yun_weixin/node_modules/express/lib/router/index.js:271:10)
    at Domain.run (domain.js:221:14)
    at Object.IOException.nioExceptionHandle (/word/git/56yun_weixin/server/helpers/exception.js:70:22)
    at /word/git/56yun_weixin/app.js:28:15
    at Layer.handle [as handle_request] (/word/git/56yun_weixin/node_modules/express/lib/router/layer.js:95:5)
    at trim_prefix (/word/git/56yun_weixin/node_modules/express/lib/router/index.js:312:13)
    at /word/git/56yun_weixin/node_modules/express/lib/router/index.js:280:7
    at Function.process_params (/word/git/56yun_weixin/node_modules/express/lib/router/index.js:330:12)
    at next (/word/git/56yun_weixin/node_modules/express/lib/router/index.js:271:10)
Thu Jul 21 2016 11:45:29 GMT+0800 (CST):url:/wx/JsSdkConfig+,params:{},error:GET:/wx/JsSdkConfig,Error: ENOENT: no such file or directory, open 'jkklkl.uuu'
    at Error (native)
Thu Jul 21 2016 11:51:00 GMT+0800 (CST):url:/wx/JsSdkConfig+,params:{},error:GET:/wx/JsSdkConfig,Error: ENOENT: no such file or directory, open 'jkklkl.uuu'
    at Error (native)
Thu Jul 21 2016 15:26:21 GMT+0800 (CST):url:/wx/JsSdkConfig+,params:{},error:GET:/wx/JsSdkConfig,TypeError: Cannot read property 'then' of undefined
    at app.get (/word/git/56yun_weixin/server/controllers/weixinRouter.js:28:36)
    at Layer.handle [as handle_request] (/word/git/56yun_weixin/node_modules/express/lib/router/layer.js:95:5)
    at next (/word/git/56yun_weixin/node_modules/express/lib/router/route.js:131:13)
    at Route.dispatch (/word/git/56yun_weixin/node_modules/express/lib/router/route.js:112:3)
    at Layer.handle [as handle_request] (/word/git/56yun_weixin/node_modules/express/lib/router/layer.js:95:5)
    at /word/git/56yun_weixin/node_modules/express/lib/router/index.js:277:22
    at Function.process_params (/word/git/56yun_weixin/node_modules/express/lib/router/index.js:330:12)
    at Domain.next (/word/git/56yun_weixin/node_modules/express/lib/router/index.js:271:10)
    at Domain.run (domain.js:221:14)
    at domainMiddleware (/word/git/56yun_weixin/node_modules/domain-middleware/lib/domain.js:86:7)
    at Layer.handle [as handle_request] (/word/git/56yun_weixin/node_modules/express/lib/router/layer.js:95:5)
    at trim_prefix (/word/git/56yun_weixin/node_modules/express/lib/router/index.js:312:13)
    at /word/git/56yun_weixin/node_modules/express/lib/router/index.js:280:7
    at Function.process_params (/word/git/56yun_weixin/node_modules/express/lib/router/index.js:330:12)
    at next (/word/git/56yun_weixin/node_modules/express/lib/router/index.js:271:10)
    at SendStream.error (/word/git/56yun_weixin/node_modules/express/node_modules/serve-static/index.js:120:7)
Thu Jul 21 2016 15:27:29 GMT+0800 (CST):url:/wx/JsSdkConfig+,params:{},error:GET:/wx/JsSdkConfig,TypeError: Cannot read property 'then' of undefined
    at app.get (/word/git/56yun_weixin/server/controllers/weixinRouter.js:28:36)
    at Layer.handle [as handle_request] (/word/git/56yun_weixin/node_modules/express/lib/router/layer.js:95:5)
    at next (/word/git/56yun_weixin/node_modules/express/lib/router/route.js:131:13)
    at Route.dispatch (/word/git/56yun_weixin/node_modules/express/lib/router/route.js:112:3)
    at Layer.handle [as handle_request] (/word/git/56yun_weixin/node_modules/express/lib/router/layer.js:95:5)
    at /word/git/56yun_weixin/node_modules/express/lib/router/index.js:277:22
    at Function.process_params (/word/git/56yun_weixin/node_modules/express/lib/router/index.js:330:12)
    at Domain.next (/word/git/56yun_weixin/node_modules/express/lib/router/index.js:271:10)
    at Domain.run (domain.js:221:14)
    at Object.IOException.nioExceptionHandle (/word/git/56yun_weixin/server/helpers/exception.js:69:22)
    at /word/git/56yun_weixin/app.js:30:15
    at Layer.handle [as handle_request] (/word/git/56yun_weixin/node_modules/express/lib/router/layer.js:95:5)
    at trim_prefix (/word/git/56yun_weixin/node_modules/express/lib/router/index.js:312:13)
    at /word/git/56yun_weixin/node_modules/express/lib/router/index.js:280:7
    at Function.process_params (/word/git/56yun_weixin/node_modules/express/lib/router/index.js:330:12)
    at next (/word/git/56yun_weixin/node_modules/express/lib/router/index.js:271:10)
Thu Jul 21 2016 15:27:29 GMT+0800 (CST):url:/wx/JsSdkConfig+,params:{},error:GET:/wx/JsSdkConfig,Error: ee
    at Timeout._onTimeout (/word/git/56yun_weixin/server/service/weixinService.js:212:19)
    at tryOnTimeout (timers.js:224:11)
    at Timer.listOnTimeout (timers.js:198:5)
Thu Jul 21 2016 15:27:56 GMT+0800 (CST):url:/wx/JsSdkConfig+,params:{},error:GET:/wx/JsSdkConfig,Error: ee
    at Timeout._onTimeout (/word/git/56yun_weixin/server/service/weixinService.js:212:19)
    at tryOnTimeout (timers.js:224:11)
    at Timer.listOnTimeout (timers.js:198:5)
Thu Jul 21 2016 15:28:33 GMT+0800 (CST):url:/wx/JsSdkConfig+,params:{},error:GET:/wx/JsSdkConfig,TypeError: Cannot read property 'then' of undefined
    at app.get (/word/git/56yun_weixin/server/controllers/weixinRouter.js:28:36)
    at Layer.handle [as handle_request] (/word/git/56yun_weixin/node_modules/express/lib/router/layer.js:95:5)
    at next (/word/git/56yun_weixin/node_modules/express/lib/router/route.js:131:13)
    at Route.dispatch (/word/git/56yun_weixin/node_modules/express/lib/router/route.js:112:3)
    at Layer.handle [as handle_request] (/word/git/56yun_weixin/node_modules/express/lib/router/layer.js:95:5)
    at /word/git/56yun_weixin/node_modules/express/lib/router/index.js:277:22
    at Function.process_params (/word/git/56yun_weixin/node_modules/express/lib/router/index.js:330:12)
    at Domain.next (/word/git/56yun_weixin/node_modules/express/lib/router/index.js:271:10)
    at Domain.run (domain.js:221:14)
    at Object.IOException.nioExceptionHandle (/word/git/56yun_weixin/server/helpers/exception.js:69:22)
    at /word/git/56yun_weixin/app.js:30:15
    at Layer.handle [as handle_request] (/word/git/56yun_weixin/node_modules/express/lib/router/layer.js:95:5)
    at trim_prefix (/word/git/56yun_weixin/node_modules/express/lib/router/index.js:312:13)
    at /word/git/56yun_weixin/node_modules/express/lib/router/index.js:280:7
    at Function.process_params (/word/git/56yun_weixin/node_modules/express/lib/router/index.js:330:12)
    at next (/word/git/56yun_weixin/node_modules/express/lib/router/index.js:271:10)
Thu Jul 21 2016 16:58:13 GMT+0800 (CST):url:/wx/JsSdkConfig+,params:{},error:GET:/wx/JsSdkConfig,TypeError: callback is not a function
    at exports._getJsConfig (/word/git/56yun_weixin/node_modules/wechat-api/lib/api_js.js:332:3)
    at /word/git/56yun_weixin/node_modules/wechat-api/lib/api_js.js:220:16
    at redis.hgetAsync.then.data (/word/git/56yun_weixin/server/service/weixinService.js:265:9)
    at bound (domain.js:280:14)
    at runBound (domain.js:293:12)
    at tryCatcher (/word/git/56yun_weixin/node_modules/bluebird/js/release/util.js:16:23)
    at Promise._settlePromiseFromHandler (/word/git/56yun_weixin/node_modules/bluebird/js/release/promise.js:502:31)
    at Promise._settlePromise (/word/git/56yun_weixin/node_modules/bluebird/js/release/promise.js:559:18)
    at Promise._settlePromise0 (/word/git/56yun_weixin/node_modules/bluebird/js/release/promise.js:604:10)
    at Promise._settlePromises (/word/git/56yun_weixin/node_modules/bluebird/js/release/promise.js:683:18)
    at Promise._fulfill (/word/git/56yun_weixin/node_modules/bluebird/js/release/promise.js:628:18)
    at Command.<anonymous> (/word/git/56yun_weixin/node_modules/bluebird/js/release/nodeback.js:42:21)
    at bound (domain.js:280:14)
    at Command.runBound (domain.js:293:12)
    at normal_reply (/word/git/56yun_weixin/node_modules/redis/index.js:714:21)
    at RedisClient.return_reply (/word/git/56yun_weixin/node_modules/redis/index.js:816:9)
Thu Jul 21 2016 17:22:45 GMT+0800 (CST):url:/wx/JsSdkConfig+,params:{},error:GET:/wx/JsSdkConfig,TypeError: callback is not a function
    at exports._getJsConfig (/word/git/56yun_weixin/node_modules/wechat-api/lib/api_js.js:332:3)
    at /word/git/56yun_weixin/node_modules/wechat-api/lib/api_js.js:220:16
    at redis.hgetAsync.then.data (/word/git/56yun_weixin/server/service/weixinService.js:265:9)
    at bound (domain.js:280:14)
    at runBound (domain.js:293:12)
    at tryCatcher (/word/git/56yun_weixin/node_modules/bluebird/js/release/util.js:16:23)
    at Promise._settlePromiseFromHandler (/word/git/56yun_weixin/node_modules/bluebird/js/release/promise.js:502:31)
    at Promise._settlePromise (/word/git/56yun_weixin/node_modules/bluebird/js/release/promise.js:559:18)
    at Promise._settlePromise0 (/word/git/56yun_weixin/node_modules/bluebird/js/release/promise.js:604:10)
    at Promise._settlePromises (/word/git/56yun_weixin/node_modules/bluebird/js/release/promise.js:683:18)
    at Promise._fulfill (/word/git/56yun_weixin/node_modules/bluebird/js/release/promise.js:628:18)
    at Command.<anonymous> (/word/git/56yun_weixin/node_modules/bluebird/js/release/nodeback.js:42:21)
    at bound (domain.js:280:14)
    at Command.runBound (domain.js:293:12)
    at normal_reply (/word/git/56yun_weixin/node_modules/redis/index.js:714:21)
    at RedisClient.return_reply (/word/git/56yun_weixin/node_modules/redis/index.js:816:9)
Thu Jul 21 2016 17:23:42 GMT+0800 (CST):url:/wx/JsSdkConfig+,params:{},error:GET:/wx/JsSdkConfig,TypeError: callback is not a function
    at exports._getJsConfig (/word/git/56yun_weixin/node_modules/wechat-api/lib/api_js.js:332:3)
    at /word/git/56yun_weixin/node_modules/wechat-api/lib/api_js.js:220:16
    at redis.hgetAsync.then.data (/word/git/56yun_weixin/server/service/weixinService.js:265:9)
    at bound (domain.js:280:14)
    at runBound (domain.js:293:12)
    at tryCatcher (/word/git/56yun_weixin/node_modules/bluebird/js/release/util.js:16:23)
    at Promise._settlePromiseFromHandler (/word/git/56yun_weixin/node_modules/bluebird/js/release/promise.js:502:31)
    at Promise._settlePromise (/word/git/56yun_weixin/node_modules/bluebird/js/release/promise.js:559:18)
    at Promise._settlePromise0 (/word/git/56yun_weixin/node_modules/bluebird/js/release/promise.js:604:10)
    at Promise._settlePromises (/word/git/56yun_weixin/node_modules/bluebird/js/release/promise.js:683:18)
    at Promise._fulfill (/word/git/56yun_weixin/node_modules/bluebird/js/release/promise.js:628:18)
    at Command.<anonymous> (/word/git/56yun_weixin/node_modules/bluebird/js/release/nodeback.js:42:21)
    at bound (domain.js:280:14)
    at Command.runBound (domain.js:293:12)
    at normal_reply (/word/git/56yun_weixin/node_modules/redis/index.js:714:21)
    at RedisClient.return_reply (/word/git/56yun_weixin/node_modules/redis/index.js:816:9)
Fri Jul 22 2016 14:33:37 GMT+0800 (CST):url:/wx/JsSdkConfig+,params:{},error:GET:/wx/JsSdkConfig,ReplyError: MISCONF Redis is configured to save RDB snapshots, but is currently not able to persist on disk. Commands that may modify the data set are disabled. Please check Redis logs for details about the error.
    at parseError (/word/git/56yun_weixin/node_modules/redis-parser/lib/parser.js:161:12)
    at parseType (/word/git/56yun_weixin/node_modules/redis-parser/lib/parser.js:222:14)
Fri Jul 22 2016 14:40:20 GMT+0800 (CST):url:/wx/JsSdkConfig+,params:{},error:GET:/wx/JsSdkConfig,ReplyError: MISCONF Redis is configured to save RDB snapshots, but is currently not able to persist on disk. Commands that may modify the data set are disabled. Please check Redis logs for details about the error.
    at parseError (/word/git/56yun_weixin/node_modules/redis-parser/lib/parser.js:161:12)
    at parseType (/word/git/56yun_weixin/node_modules/redis-parser/lib/parser.js:222:14)
Fri Jul 22 2016 14:44:55 GMT+0800 (CST):url:/wx/JsSdkConfig+,params:{},error:GET:/wx/JsSdkConfig,ReplyError: MISCONF Redis is configured to save RDB snapshots, but is currently not able to persist on disk. Commands that may modify the data set are disabled. Please check Redis logs for details about the error.
    at parseError (/word/git/56yun_weixin/node_modules/redis-parser/lib/parser.js:161:12)
    at parseType (/word/git/56yun_weixin/node_modules/redis-parser/lib/parser.js:222:14)
Fri Jul 22 2016 14:45:45 GMT+0800 (CST):url:/wx/JsSdkConfig+,params:{},error:GET:/wx/JsSdkConfig,TypeError: callback is not a function
    at exports._getJsConfig (/word/git/56yun_weixin/node_modules/wechat-api/lib/api_js.js:332:3)
    at /word/git/56yun_weixin/node_modules/wechat-api/lib/api_js.js:233:16
    at Command.<anonymous> (/word/git/56yun_weixin/node_modules/wechat-api/lib/api_js.js:111:7)
    at bound (domain.js:280:14)
    at Command.runBound (domain.js:293:12)
    at normal_reply (/word/git/56yun_weixin/node_modules/redis/index.js:714:21)
    at RedisClient.return_reply (/word/git/56yun_weixin/node_modules/redis/index.js:816:9)
    at JavascriptRedisParser.Parser.returnReply (/word/git/56yun_weixin/node_modules/redis/index.js:188:18)
    at JavascriptRedisParser.execute (/word/git/56yun_weixin/node_modules/redis-parser/lib/parser.js:408:12)
    at Socket.<anonymous> (/word/git/56yun_weixin/node_modules/redis/index.js:267:27)
    at emitOne (events.js:96:13)
    at Socket.emit (events.js:188:7)
    at readableAddChunk (_stream_readable.js:172:18)
    at Socket.Readable.push (_stream_readable.js:130:10)
    at TCP.onread (net.js:542:20)
Fri Jul 22 2016 14:47:56 GMT+0800 (CST):url:/wx/JsSdkConfig+,params:{},error:GET:/wx/JsSdkConfig,TypeError: callback is not a function
    at exports._getJsConfig (/word/git/56yun_weixin/node_modules/wechat-api/lib/api_js.js:332:3)
    at /word/git/56yun_weixin/node_modules/wechat-api/lib/api_js.js:220:16
    at redis.hgetAsync.then.data (/word/git/56yun_weixin/server/service/weixinService.js:265:9)
    at bound (domain.js:280:14)
    at runBound (domain.js:293:12)
    at tryCatcher (/word/git/56yun_weixin/node_modules/bluebird/js/release/util.js:16:23)
    at Promise._settlePromiseFromHandler (/word/git/56yun_weixin/node_modules/bluebird/js/release/promise.js:502:31)
    at Promise._settlePromise (/word/git/56yun_weixin/node_modules/bluebird/js/release/promise.js:559:18)
    at Promise._settlePromise0 (/word/git/56yun_weixin/node_modules/bluebird/js/release/promise.js:604:10)
    at Promise._settlePromises (/word/git/56yun_weixin/node_modules/bluebird/js/release/promise.js:683:18)
    at Promise._fulfill (/word/git/56yun_weixin/node_modules/bluebird/js/release/promise.js:628:18)
    at Command.<anonymous> (/word/git/56yun_weixin/node_modules/bluebird/js/release/nodeback.js:42:21)
    at bound (domain.js:280:14)
    at Command.runBound (domain.js:293:12)
    at normal_reply (/word/git/56yun_weixin/node_modules/redis/index.js:714:21)
    at RedisClient.return_reply (/word/git/56yun_weixin/node_modules/redis/index.js:816:9)
Fri Jul 22 2016 15:19:32 GMT+0800 (CST):url:/wx/JsSdkConfig+,params:{},error:GET:/wx/JsSdkConfig,TypeError: A value [object Generator] was yielded that could not be treated as a promise

    See http://goo.gl/MqrFmX

From coroutine:
    at Function.Promise.coroutine (/word/git/56yun_weixin/node_modules/bluebird/js/release/generators.js:190:17)
    at module.exports (/word/git/56yun_weixin/server/controllers/weixinRouter.js:31:40)
    at module.exports (/word/git/56yun_weixin/server/controllers/router.js:6:5)
    at Object.<anonymous> (/word/git/56yun_weixin/app.js:39:1)
    at Module._compile (module.js:541:32)
    at PromiseSpawn._continue (/word/git/56yun_weixin/node_modules/bluebird/js/release/generators.js:159:21)
    at PromiseSpawn._promiseFulfilled (/word/git/56yun_weixin/node_modules/bluebird/js/release/generators.js:99:10)
    at /word/git/56yun_weixin/node_modules/bluebird/js/release/generators.js:197:15
    at Layer.handle [as handle_request] (/word/git/56yun_weixin/node_modules/express/lib/router/layer.js:95:5)
    at next (/word/git/56yun_weixin/node_modules/express/lib/router/route.js:131:13)
    at Route.dispatch (/word/git/56yun_weixin/node_modules/express/lib/router/route.js:112:3)
    at Layer.handle [as handle_request] (/word/git/56yun_weixin/node_modules/express/lib/router/layer.js:95:5)
    at /word/git/56yun_weixin/node_modules/express/lib/router/index.js:277:22
    at Function.process_params (/word/git/56yun_weixin/node_modules/express/lib/router/index.js:330:12)
    at Domain.next (/word/git/56yun_weixin/node_modules/express/lib/router/index.js:271:10)
    at Domain.run (domain.js:221:14)
    at Object.IOException.nioExceptionHandle (/word/git/56yun_weixin/server/helpers/exception.js:85:22)
    at /word/git/56yun_weixin/app.js:30:15
    at Layer.handle [as handle_request] (/word/git/56yun_weixin/node_modules/express/lib/router/layer.js:95:5)
    at trim_prefix (/word/git/56yun_weixin/node_modules/express/lib/router/index.js:312:13)
    at /word/git/56yun_weixin/node_modules/express/lib/router/index.js:280:7
Fri Jul 22 2016 15:20:50 GMT+0800 (CST):url:/wx/JsSdkConfig+,params:{},error:GET:/wx/JsSdkConfig,TypeError: generatorFunction must be a function

    See http://goo.gl/MqrFmX

    at Function.Promise.coroutine (/word/git/56yun_weixin/node_modules/bluebird/js/release/generators.js:186:15)
    at app.get.err (/word/git/56yun_weixin/server/controllers/weixinRouter.js:35:34)
    at Layer.handle [as handle_request] (/word/git/56yun_weixin/node_modules/express/lib/router/layer.js:95:5)
    at next (/word/git/56yun_weixin/node_modules/express/lib/router/route.js:131:13)
    at Route.dispatch (/word/git/56yun_weixin/node_modules/express/lib/router/route.js:112:3)
    at Layer.handle [as handle_request] (/word/git/56yun_weixin/node_modules/express/lib/router/layer.js:95:5)
    at /word/git/56yun_weixin/node_modules/express/lib/router/index.js:277:22
    at Function.process_params (/word/git/56yun_weixin/node_modules/express/lib/router/index.js:330:12)
    at Domain.next (/word/git/56yun_weixin/node_modules/express/lib/router/index.js:271:10)
    at Domain.run (domain.js:221:14)
    at Object.IOException.nioExceptionHandle (/word/git/56yun_weixin/server/helpers/exception.js:85:22)
    at /word/git/56yun_weixin/app.js:30:15
    at Layer.handle [as handle_request] (/word/git/56yun_weixin/node_modules/express/lib/router/layer.js:95:5)
    at trim_prefix (/word/git/56yun_weixin/node_modules/express/lib/router/index.js:312:13)
    at /word/git/56yun_weixin/node_modules/express/lib/router/index.js:280:7
    at Function.process_params (/word/git/56yun_weixin/node_modules/express/lib/router/index.js:330:12)
Fri Jul 22 2016 15:37:19 GMT+0800 (CST):url:/wx/JsSdkConfig+,params:{},error:GET:/wx/JsSdkConfig,TypeError: weixinService.getJsConfig(...).then is not a function
    at app.get.err (/word/git/56yun_weixin/server/controllers/weixinRouter.js:35:55)
    at Layer.handle [as handle_request] (/word/git/56yun_weixin/node_modules/express/lib/router/layer.js:95:5)
    at next (/word/git/56yun_weixin/node_modules/express/lib/router/route.js:131:13)
    at Route.dispatch (/word/git/56yun_weixin/node_modules/express/lib/router/route.js:112:3)
    at Layer.handle [as handle_request] (/word/git/56yun_weixin/node_modules/express/lib/router/layer.js:95:5)
    at /word/git/56yun_weixin/node_modules/express/lib/router/index.js:277:22
    at Function.process_params (/word/git/56yun_weixin/node_modules/express/lib/router/index.js:330:12)
    at Domain.next (/word/git/56yun_weixin/node_modules/express/lib/router/index.js:271:10)
    at Domain.run (domain.js:221:14)
    at Object.IOException.nioExceptionHandle (/word/git/56yun_weixin/server/helpers/exception.js:85:22)
    at /word/git/56yun_weixin/app.js:30:15
    at Layer.handle [as handle_request] (/word/git/56yun_weixin/node_modules/express/lib/router/layer.js:95:5)
    at trim_prefix (/word/git/56yun_weixin/node_modules/express/lib/router/index.js:312:13)
    at /word/git/56yun_weixin/node_modules/express/lib/router/index.js:280:7
    at Function.process_params (/word/git/56yun_weixin/node_modules/express/lib/router/index.js:330:12)
    at next (/word/git/56yun_weixin/node_modules/express/lib/router/index.js:271:10)
Fri Jul 22 2016 15:51:47 GMT+0800 (CST):url:/wx/JsSdkConfig+,params:{},error:GET:/wx/JsSdkConfig,TypeError: A value [object Promise] was yielded that could not be treated as a promise

    See http://goo.gl/MqrFmX

From coroutine:
    at Function.Promise.coroutine (/word/git/56yun_weixin/node_modules/bluebird/js/release/generators.js:190:17)
    at module.exports (/word/git/56yun_weixin/server/controllers/weixinRouter.js:31:40)
    at module.exports (/word/git/56yun_weixin/server/controllers/router.js:6:5)
    at Object.<anonymous> (/word/git/56yun_weixin/app.js:39:1)
    at Module._compile (module.js:541:32)
    at PromiseSpawn._continue (/word/git/56yun_weixin/node_modules/bluebird/js/release/generators.js:159:21)
    at PromiseSpawn._promiseFulfilled (/word/git/56yun_weixin/node_modules/bluebird/js/release/generators.js:99:10)
    at /word/git/56yun_weixin/node_modules/bluebird/js/release/generators.js:197:15
    at Layer.handle [as handle_request] (/word/git/56yun_weixin/node_modules/express/lib/router/layer.js:95:5)
    at next (/word/git/56yun_weixin/node_modules/express/lib/router/route.js:131:13)
    at Route.dispatch (/word/git/56yun_weixin/node_modules/express/lib/router/route.js:112:3)
    at Layer.handle [as handle_request] (/word/git/56yun_weixin/node_modules/express/lib/router/layer.js:95:5)
    at /word/git/56yun_weixin/node_modules/express/lib/router/index.js:277:22
    at Function.process_params (/word/git/56yun_weixin/node_modules/express/lib/router/index.js:330:12)
    at Domain.next (/word/git/56yun_weixin/node_modules/express/lib/router/index.js:271:10)
    at Domain.run (domain.js:221:14)
    at Object.IOException.nioExceptionHandle (/word/git/56yun_weixin/server/helpers/exception.js:85:22)
    at /word/git/56yun_weixin/app.js:30:15
    at Layer.handle [as handle_request] (/word/git/56yun_weixin/node_modules/express/lib/router/layer.js:95:5)
    at trim_prefix (/word/git/56yun_weixin/node_modules/express/lib/router/index.js:312:13)
    at /word/git/56yun_weixin/node_modules/express/lib/router/index.js:280:7
Fri Jul 22 2016 15:53:00 GMT+0800 (CST):url:/wx/JsSdkConfig+,params:{},error:GET:/wx/JsSdkConfig,TypeError: A value [object Promise] was yielded that could not be treated as a promise

    See http://goo.gl/MqrFmX

From coroutine:
    at Function.Promise.coroutine (/word/git/56yun_weixin/node_modules/bluebird/js/release/generators.js:190:17)
    at module.exports (/word/git/56yun_weixin/server/controllers/weixinRouter.js:31:40)
    at module.exports (/word/git/56yun_weixin/server/controllers/router.js:6:5)
    at Object.<anonymous> (/word/git/56yun_weixin/app.js:39:1)
    at Module._compile (module.js:541:32)
    at PromiseSpawn._continue (/word/git/56yun_weixin/node_modules/bluebird/js/release/generators.js:159:21)
    at PromiseSpawn._promiseFulfilled (/word/git/56yun_weixin/node_modules/bluebird/js/release/generators.js:99:10)
    at /word/git/56yun_weixin/node_modules/bluebird/js/release/generators.js:197:15
    at Layer.handle [as handle_request] (/word/git/56yun_weixin/node_modules/express/lib/router/layer.js:95:5)
    at next (/word/git/56yun_weixin/node_modules/express/lib/router/route.js:131:13)
    at Route.dispatch (/word/git/56yun_weixin/node_modules/express/lib/router/route.js:112:3)
    at Layer.handle [as handle_request] (/word/git/56yun_weixin/node_modules/express/lib/router/layer.js:95:5)
    at /word/git/56yun_weixin/node_modules/express/lib/router/index.js:277:22
    at Function.process_params (/word/git/56yun_weixin/node_modules/express/lib/router/index.js:330:12)
    at Domain.next (/word/git/56yun_weixin/node_modules/express/lib/router/index.js:271:10)
    at Domain.run (domain.js:221:14)
    at Object.IOException.nioExceptionHandle (/word/git/56yun_weixin/server/helpers/exception.js:85:22)
    at /word/git/56yun_weixin/app.js:30:15
    at Layer.handle [as handle_request] (/word/git/56yun_weixin/node_modules/express/lib/router/layer.js:95:5)
    at trim_prefix (/word/git/56yun_weixin/node_modules/express/lib/router/index.js:312:13)
    at /word/git/56yun_weixin/node_modules/express/lib/router/index.js:280:7
Fri Jul 22 2016 15:54:08 GMT+0800 (CST):url:/wx/JsSdkConfig+,params:{},error:GET:/wx/JsSdkConfig,TypeError: A value [object Generator] was yielded that could not be treated as a promise

    See http://goo.gl/MqrFmX

From coroutine:
    at Function.Promise.coroutine (/word/git/56yun_weixin/node_modules/bluebird/js/release/generators.js:190:17)
    at module.exports (/word/git/56yun_weixin/server/controllers/weixinRouter.js:31:40)
    at module.exports (/word/git/56yun_weixin/server/controllers/router.js:6:5)
    at Object.<anonymous> (/word/git/56yun_weixin/app.js:39:1)
    at Module._compile (module.js:541:32)
    at PromiseSpawn._continue (/word/git/56yun_weixin/node_modules/bluebird/js/release/generators.js:159:21)
    at PromiseSpawn._promiseFulfilled (/word/git/56yun_weixin/node_modules/bluebird/js/release/generators.js:99:10)
    at /word/git/56yun_weixin/node_modules/bluebird/js/release/generators.js:197:15
    at Layer.handle [as handle_request] (/word/git/56yun_weixin/node_modules/express/lib/router/layer.js:95:5)
    at next (/word/git/56yun_weixin/node_modules/express/lib/router/route.js:131:13)
    at Route.dispatch (/word/git/56yun_weixin/node_modules/express/lib/router/route.js:112:3)
    at Layer.handle [as handle_request] (/word/git/56yun_weixin/node_modules/express/lib/router/layer.js:95:5)
    at /word/git/56yun_weixin/node_modules/express/lib/router/index.js:277:22
    at Function.process_params (/word/git/56yun_weixin/node_modules/express/lib/router/index.js:330:12)
    at Domain.next (/word/git/56yun_weixin/node_modules/express/lib/router/index.js:271:10)
    at Domain.run (domain.js:221:14)
    at Object.IOException.nioExceptionHandle (/word/git/56yun_weixin/server/helpers/exception.js:85:22)
    at /word/git/56yun_weixin/app.js:30:15
    at Layer.handle [as handle_request] (/word/git/56yun_weixin/node_modules/express/lib/router/layer.js:95:5)
    at trim_prefix (/word/git/56yun_weixin/node_modules/express/lib/router/index.js:312:13)
    at /word/git/56yun_weixin/node_modules/express/lib/router/index.js:280:7
Thu Aug 11 2016 15:14:19 GMT+0800 (CST):error:Redis connection to 127.0.0.1:6999 failed - connect ECONNREFUSED 127.0.0.1:6999,Error: Redis connection to 127.0.0.1:6999 failed - connect ECONNREFUSED 127.0.0.1:6999
    at Object.exports._errnoException (util.js:1007:11)
    at exports._exceptionWithHostPort (util.js:1030:20)
    at TCPConnectWrap.afterConnect [as oncomplete] (net.js:1080:14)
Thu Aug 11 2016 15:14:19 GMT+0800 (CST):error:Redis connection lost and command aborted. It might have been processed.,AbortError: Redis connection lost and command aborted. It might have been processed.
    at RedisClient.flush_and_error (/word/git/56yun_weixin/node_modules/redis/index.js:350:23)
    at RedisClient.connection_gone (/word/git/56yun_weixin/node_modules/redis/index.js:652:14)
    at RedisClient.on_error (/word/git/56yun_weixin/node_modules/redis/index.js:398:10)
    at Socket.<anonymous> (/word/git/56yun_weixin/node_modules/redis/index.js:272:14)
    at emitOne (events.js:96:13)
    at Socket.emit (events.js:188:7)
    at emitErrorNT (net.js:1272:8)
    at _combinedTickCallback (internal/process/next_tick.js:74:11)
    at process._tickDomainCallback (internal/process/next_tick.js:122:9)
Thu Aug 11 2016 15:14:19 GMT+0800 (CST):error:Redis connection to 127.0.0.1:6999 failed - connect ECONNREFUSED 127.0.0.1:6999,Error: Redis connection to 127.0.0.1:6999 failed - connect ECONNREFUSED 127.0.0.1:6999
    at Object.exports._errnoException (util.js:1007:11)
    at exports._exceptionWithHostPort (util.js:1030:20)
    at TCPConnectWrap.afterConnect [as oncomplete] (net.js:1080:14)
Thu Aug 11 2016 15:14:19 GMT+0800 (CST):error:Redis connection lost and command aborted. It might have been processed.,AbortError: Redis connection lost and command aborted. It might have been processed.
    at RedisClient.flush_and_error (/word/git/56yun_weixin/node_modules/redis/index.js:350:23)
    at RedisClient.connection_gone (/word/git/56yun_weixin/node_modules/redis/index.js:652:14)
    at RedisClient.on_error (/word/git/56yun_weixin/node_modules/redis/index.js:398:10)
    at Socket.<anonymous> (/word/git/56yun_weixin/node_modules/redis/index.js:272:14)
    at emitOne (events.js:96:13)
    at Socket.emit (events.js:188:7)
    at emitErrorNT (net.js:1272:8)
    at _combinedTickCallback (internal/process/next_tick.js:74:11)
    at process._tickDomainCallback (internal/process/next_tick.js:122:9)
Thu Aug 11 2016 15:14:20 GMT+0800 (CST):error:Redis connection to 127.0.0.1:6999 failed - connect ECONNREFUSED 127.0.0.1:6999,Error: Redis connection to 127.0.0.1:6999 failed - connect ECONNREFUSED 127.0.0.1:6999
    at Object.exports._errnoException (util.js:1007:11)
    at exports._exceptionWithHostPort (util.js:1030:20)
    at TCPConnectWrap.afterConnect [as oncomplete] (net.js:1080:14)
Thu Aug 11 2016 15:14:20 GMT+0800 (CST):error:Redis connection lost and command aborted. It might have been processed.,AbortError: Redis connection lost and command aborted. It might have been processed.
    at RedisClient.flush_and_error (/word/git/56yun_weixin/node_modules/redis/index.js:350:23)
    at RedisClient.connection_gone (/word/git/56yun_weixin/node_modules/redis/index.js:652:14)
    at RedisClient.on_error (/word/git/56yun_weixin/node_modules/redis/index.js:398:10)
    at Socket.<anonymous> (/word/git/56yun_weixin/node_modules/redis/index.js:272:14)
    at emitOne (events.js:96:13)
    at Socket.emit (events.js:188:7)
    at emitErrorNT (net.js:1272:8)
    at _combinedTickCallback (internal/process/next_tick.js:74:11)
    at process._tickDomainCallback (internal/process/next_tick.js:122:9)
Thu Aug 11 2016 15:14:20 GMT+0800 (CST):error:Redis connection to 127.0.0.1:6999 failed - connect ECONNREFUSED 127.0.0.1:6999,Error: Redis connection to 127.0.0.1:6999 failed - connect ECONNREFUSED 127.0.0.1:6999
    at Object.exports._errnoException (util.js:1007:11)
    at exports._exceptionWithHostPort (util.js:1030:20)
    at TCPConnectWrap.afterConnect [as oncomplete] (net.js:1080:14)
Thu Aug 11 2016 15:14:20 GMT+0800 (CST):error:Redis connection lost and command aborted. It might have been processed.,AbortError: Redis connection lost and command aborted. It might have been processed.
    at RedisClient.flush_and_error (/word/git/56yun_weixin/node_modules/redis/index.js:350:23)
    at RedisClient.connection_gone (/word/git/56yun_weixin/node_modules/redis/index.js:652:14)
    at RedisClient.on_error (/word/git/56yun_weixin/node_modules/redis/index.js:398:10)
    at Socket.<anonymous> (/word/git/56yun_weixin/node_modules/redis/index.js:272:14)
    at emitOne (events.js:96:13)
    at Socket.emit (events.js:188:7)
    at emitErrorNT (net.js:1272:8)
    at _combinedTickCallback (internal/process/next_tick.js:74:11)
    at process._tickDomainCallback (internal/process/next_tick.js:122:9)
Thu Aug 11 2016 15:14:21 GMT+0800 (CST):error:Redis connection to 127.0.0.1:6999 failed - connect ECONNREFUSED 127.0.0.1:6999,Error: Redis connection to 127.0.0.1:6999 failed - connect ECONNREFUSED 127.0.0.1:6999
    at Object.exports._errnoException (util.js:1007:11)
    at exports._exceptionWithHostPort (util.js:1030:20)
    at TCPConnectWrap.afterConnect [as oncomplete] (net.js:1080:14)
Thu Aug 11 2016 15:14:21 GMT+0800 (CST):error:Redis connection lost and command aborted. It might have been processed.,AbortError: Redis connection lost and command aborted. It might have been processed.
    at RedisClient.flush_and_error (/word/git/56yun_weixin/node_modules/redis/index.js:350:23)
    at RedisClient.connection_gone (/word/git/56yun_weixin/node_modules/redis/index.js:652:14)
    at RedisClient.on_error (/word/git/56yun_weixin/node_modules/redis/index.js:398:10)
    at Socket.<anonymous> (/word/git/56yun_weixin/node_modules/redis/index.js:272:14)
    at emitOne (events.js:96:13)
    at Socket.emit (events.js:188:7)
    at emitErrorNT (net.js:1272:8)
    at _combinedTickCallback (internal/process/next_tick.js:74:11)
    at process._tickDomainCallback (internal/process/next_tick.js:122:9)
Thu Aug 11 2016 15:14:23 GMT+0800 (CST):error:Redis connection to 127.0.0.1:6999 failed - connect ECONNREFUSED 127.0.0.1:6999,Error: Redis connection to 127.0.0.1:6999 failed - connect ECONNREFUSED 127.0.0.1:6999
    at Object.exports._errnoException (util.js:1007:11)
    at exports._exceptionWithHostPort (util.js:1030:20)
    at TCPConnectWrap.afterConnect [as oncomplete] (net.js:1080:14)
Thu Aug 11 2016 15:14:23 GMT+0800 (CST):error:Redis connection lost and command aborted. It might have been processed.,AbortError: Redis connection lost and command aborted. It might have been processed.
    at RedisClient.flush_and_error (/word/git/56yun_weixin/node_modules/redis/index.js:350:23)
    at RedisClient.connection_gone (/word/git/56yun_weixin/node_modules/redis/index.js:652:14)
    at RedisClient.on_error (/word/git/56yun_weixin/node_modules/redis/index.js:398:10)
    at Socket.<anonymous> (/word/git/56yun_weixin/node_modules/redis/index.js:272:14)
    at emitOne (events.js:96:13)
    at Socket.emit (events.js:188:7)
    at emitErrorNT (net.js:1272:8)
    at _combinedTickCallback (internal/process/next_tick.js:74:11)
    at process._tickDomainCallback (internal/process/next_tick.js:122:9)
Thu Aug 11 2016 15:14:26 GMT+0800 (CST):error:Redis connection to 127.0.0.1:6999 failed - connect ECONNREFUSED 127.0.0.1:6999,Error: Redis connection to 127.0.0.1:6999 failed - connect ECONNREFUSED 127.0.0.1:6999
    at Object.exports._errnoException (util.js:1007:11)
    at exports._exceptionWithHostPort (util.js:1030:20)
    at TCPConnectWrap.afterConnect [as oncomplete] (net.js:1080:14)
Thu Aug 11 2016 15:14:26 GMT+0800 (CST):error:Redis connection lost and command aborted. It might have been processed.,AbortError: Redis connection lost and command aborted. It might have been processed.
    at RedisClient.flush_and_error (/word/git/56yun_weixin/node_modules/redis/index.js:350:23)
    at RedisClient.connection_gone (/word/git/56yun_weixin/node_modules/redis/index.js:652:14)
    at RedisClient.on_error (/word/git/56yun_weixin/node_modules/redis/index.js:398:10)
    at Socket.<anonymous> (/word/git/56yun_weixin/node_modules/redis/index.js:272:14)
    at emitOne (events.js:96:13)
    at Socket.emit (events.js:188:7)
    at emitErrorNT (net.js:1272:8)
    at _combinedTickCallback (internal/process/next_tick.js:74:11)
    at process._tickDomainCallback (internal/process/next_tick.js:122:9)
Thu Aug 11 2016 15:14:31 GMT+0800 (CST):error:Redis connection to 127.0.0.1:6999 failed - connect ECONNREFUSED 127.0.0.1:6999,Error: Redis connection to 127.0.0.1:6999 failed - connect ECONNREFUSED 127.0.0.1:6999
    at Object.exports._errnoException (util.js:1007:11)
    at exports._exceptionWithHostPort (util.js:1030:20)
    at TCPConnectWrap.afterConnect [as oncomplete] (net.js:1080:14)
Thu Aug 11 2016 15:14:31 GMT+0800 (CST):error:Redis connection lost and command aborted. It might have been processed.,AbortError: Redis connection lost and command aborted. It might have been processed.
    at RedisClient.flush_and_error (/word/git/56yun_weixin/node_modules/redis/index.js:350:23)
    at RedisClient.connection_gone (/word/git/56yun_weixin/node_modules/redis/index.js:652:14)
    at RedisClient.on_error (/word/git/56yun_weixin/node_modules/redis/index.js:398:10)
    at Socket.<anonymous> (/word/git/56yun_weixin/node_modules/redis/index.js:272:14)
    at emitOne (events.js:96:13)
    at Socket.emit (events.js:188:7)
    at emitErrorNT (net.js:1272:8)
    at _combinedTickCallback (internal/process/next_tick.js:74:11)
    at process._tickDomainCallback (internal/process/next_tick.js:122:9)
Thu Aug 11 2016 15:14:39 GMT+0800 (CST):error:Redis connection to 127.0.0.1:6999 failed - connect ECONNREFUSED 127.0.0.1:6999,Error: Redis connection to 127.0.0.1:6999 failed - connect ECONNREFUSED 127.0.0.1:6999
    at Object.exports._errnoException (util.js:1007:11)
    at exports._exceptionWithHostPort (util.js:1030:20)
    at TCPConnectWrap.afterConnect [as oncomplete] (net.js:1080:14)
Thu Aug 11 2016 15:14:39 GMT+0800 (CST):error:Redis connection lost and command aborted. It might have been processed.,AbortError: Redis connection lost and command aborted. It might have been processed.
    at RedisClient.flush_and_error (/word/git/56yun_weixin/node_modules/redis/index.js:350:23)
    at RedisClient.connection_gone (/word/git/56yun_weixin/node_modules/redis/index.js:652:14)
    at RedisClient.on_error (/word/git/56yun_weixin/node_modules/redis/index.js:398:10)
    at Socket.<anonymous> (/word/git/56yun_weixin/node_modules/redis/index.js:272:14)
    at emitOne (events.js:96:13)
    at Socket.emit (events.js:188:7)
    at emitErrorNT (net.js:1272:8)
    at _combinedTickCallback (internal/process/next_tick.js:74:11)
    at process._tickDomainCallback (internal/process/next_tick.js:122:9)
Thu Aug 11 2016 15:15:48 GMT+0800 (CST):error:ERR wrong number of arguments for 'hset' command,ReplyError: ERR wrong number of arguments for 'hset' command
    at parseError (/word/git/56yun_weixin/node_modules/redis-parser/lib/parser.js:161:12)
    at parseType (/word/git/56yun_weixin/node_modules/redis-parser/lib/parser.js:222:14)
Thu Aug 11 2016 15:16:31 GMT+0800 (CST):error:ERR wrong number of arguments for 'hset' command,ReplyError: ERR wrong number of arguments for 'hset' command
    at parseError (/word/git/56yun_weixin/node_modules/redis-parser/lib/parser.js:161:12)
    at parseType (/word/git/56yun_weixin/node_modules/redis-parser/lib/parser.js:222:14)
Thu Aug 11 2016 15:23:45 GMT+0800 (CST):url:/wx/oauth/userToken+,params:{},error:GET:/wx/oauth/userToken,Error: Missing where attribute in the options parameter passed to findOrCreate.
    at Function.findCreateFind (/word/git/56yun_weixin/node_modules/sequelize/lib/model.js:1986:13)
    at WechatUserService.UpdatedUserInfo (/word/git/56yun_weixin/server/service/wechatUserService.js:49:40)
    at next (native)
    at /word/git/56yun_weixin/server/controllers/weixinRouter.js:58:55
    at next (native)
    at tryCatcher (/word/git/56yun_weixin/node_modules/bluebird/js/release/util.js:16:23)
    at PromiseSpawn._promiseFulfilled (/word/git/56yun_weixin/node_modules/bluebird/js/release/generators.js:97:49)
    at /word/git/56yun_weixin/node_modules/bluebird/js/release/generators.js:197:15
    at Layer.handle [as handle_request] (/word/git/56yun_weixin/node_modules/express/lib/router/layer.js:95:5)
    at next (/word/git/56yun_weixin/node_modules/express/lib/router/route.js:131:13)
    at Route.dispatch (/word/git/56yun_weixin/node_modules/express/lib/router/route.js:112:3)
    at Layer.handle [as handle_request] (/word/git/56yun_weixin/node_modules/express/lib/router/layer.js:95:5)
    at /word/git/56yun_weixin/node_modules/express/lib/router/index.js:277:22
    at Function.process_params (/word/git/56yun_weixin/node_modules/express/lib/router/index.js:330:12)
    at Domain.next (/word/git/56yun_weixin/node_modules/express/lib/router/index.js:271:10)
    at Domain.run (domain.js:221:14)
Thu Aug 11 2016 15:25:44 GMT+0800 (CST):error:ERR wrong number of arguments for 'hset' command,ReplyError: ERR wrong number of arguments for 'hset' command
    at parseError (/word/git/56yun_weixin/node_modules/redis-parser/lib/parser.js:161:12)
    at parseType (/word/git/56yun_weixin/node_modules/redis-parser/lib/parser.js:222:14)
Thu Aug 11 2016 15:25:44 GMT+0800 (CST):error:MISCONF Redis is configured to save RDB snapshots, but is currently not able to persist on disk. Commands that may modify the data set are disabled. Please check Redis logs for details about the error.,ReplyError: MISCONF Redis is configured to save RDB snapshots, but is currently not able to persist on disk. Commands that may modify the data set are disabled. Please check Redis logs for details about the error.
    at parseError (/word/git/56yun_weixin/node_modules/redis-parser/lib/parser.js:161:12)
    at parseType (/word/git/56yun_weixin/node_modules/redis-parser/lib/parser.js:222:14)
Thu Aug 11 2016 15:25:44 GMT+0800 (CST):error:MISCONF Redis is configured to save RDB snapshots, but is currently not able to persist on disk. Commands that may modify the data set are disabled. Please check Redis logs for details about the error.,ReplyError: MISCONF Redis is configured to save RDB snapshots, but is currently not able to persist on disk. Commands that may modify the data set are disabled. Please check Redis logs for details about the error.
    at parseError (/word/git/56yun_weixin/node_modules/redis-parser/lib/parser.js:161:12)
    at parseType (/word/git/56yun_weixin/node_modules/redis-parser/lib/parser.js:222:14)
Thu Aug 11 2016 15:26:12 GMT+0800 (CST):error:ERR wrong number of arguments for 'hset' command,ReplyError: ERR wrong number of arguments for 'hset' command
    at parseError (/word/git/56yun_weixin/node_modules/redis-parser/lib/parser.js:161:12)
    at parseType (/word/git/56yun_weixin/node_modules/redis-parser/lib/parser.js:222:14)
Thu Aug 11 2016 15:26:12 GMT+0800 (CST):url:/wx/oauth/userToken+,params:{},error:GET:/wx/oauth/userToken,TypeError: A value true was yielded that could not be treated as a promise

    See http://goo.gl/MqrFmX

From coroutine:
    at Function.Promise.coroutine (/word/git/56yun_weixin/node_modules/bluebird/js/release/generators.js:190:17)
    at module.exports (/word/git/56yun_weixin/server/controllers/weixinRouter.js:47:44)
    at module.exports (/word/git/56yun_weixin/server/controllers/router.js:6:5)
    at Object.<anonymous> (/word/git/56yun_weixin/app.js:39:1)
    at Module._compile (module.js:541:32)
    at PromiseSpawn._continue (/word/git/56yun_weixin/node_modules/bluebird/js/release/generators.js:159:21)
    at PromiseSpawn._promiseFulfilled (/word/git/56yun_weixin/node_modules/bluebird/js/release/generators.js:99:10)
    at Promise._settlePromise (/word/git/56yun_weixin/node_modules/bluebird/js/release/promise.js:564:26)
    at Promise._settlePromise0 (/word/git/56yun_weixin/node_modules/bluebird/js/release/promise.js:604:10)
    at Promise._settlePromises (/word/git/56yun_weixin/node_modules/bluebird/js/release/promise.js:683:18)
    at Async._drainQueue (/word/git/56yun_weixin/node_modules/bluebird/js/release/async.js:138:16)
    at Async._drainQueues (/word/git/56yun_weixin/node_modules/bluebird/js/release/async.js:148:10)
    at Immediate.Async.drainQueues [as _onImmediate] (/word/git/56yun_weixin/node_modules/bluebird/js/release/async.js:17:14)
    at tryOnImmediate (timers.js:543:15)
    at processImmediate [as _immediateCallback] (timers.js:523:5)
Thu Aug 11 2016 15:35:06 GMT+0800 (CST):error:ENOENT: no such file or directory, scandir '/word/git/56yun_weixin/server/modeldddddd',Error: ENOENT: no such file or directory, scandir '/word/git/56yun_weixin/server/modeldddddd'
    at Error (native)
    at Object.fs.readdirSync (fs.js:945:18)
    at MySqlDao._init (/word/git/56yun_weixin/server/storage/mySqldb.js:47:28)
    at Object.<anonymous> (/word/git/56yun_weixin/server/storage/mySqldb.js:74:10)
    at Module._compile (module.js:541:32)
    at Object.Module._extensions..js (module.js:550:10)
    at Module.load (module.js:458:32)
    at tryModuleLoad (module.js:417:12)
    at Function.Module._load (module.js:409:3)
    at Module.require (module.js:468:17)
    at require (internal/module.js:20:19)
    at Object.<anonymous> (/word/git/56yun_weixin/server/service/wechatUserService.js:10:21)
    at Module._compile (module.js:541:32)
    at Object.Module._extensions..js (module.js:550:10)
    at Module.load (module.js:458:32)
    at tryModuleLoad (module.js:417:12)
Thu Aug 11 2016 15:58:28 GMT+0800 (CST):url:/wx/oauth/userToken+,params:{},error:GET:/wx/oauth/userToken,Error: Missing where attribute in the options parameter passed to update.
    at Function.update (/word/git/56yun_weixin/node_modules/sequelize/lib/model.js:2435:13)
    at WechatUserService.UpdatedUserInfo (/word/git/56yun_weixin/server/service/wechatUserService.js:53:27)
    at next (native)
    at /word/git/56yun_weixin/server/controllers/weixinRouter.js:58:55
    at next (native)
    at tryCatcher (/word/git/56yun_weixin/node_modules/bluebird/js/release/util.js:16:23)
    at PromiseSpawn._promiseFulfilled (/word/git/56yun_weixin/node_modules/bluebird/js/release/generators.js:97:49)
    at Promise._settlePromise (/word/git/56yun_weixin/node_modules/bluebird/js/release/promise.js:564:26)
    at Promise._settlePromise0 (/word/git/56yun_weixin/node_modules/bluebird/js/release/promise.js:604:10)
    at Promise._settlePromises (/word/git/56yun_weixin/node_modules/bluebird/js/release/promise.js:683:18)
    at Async._drainQueue (/word/git/56yun_weixin/node_modules/bluebird/js/release/async.js:138:16)
    at Async._drainQueues (/word/git/56yun_weixin/node_modules/bluebird/js/release/async.js:148:10)
    at Immediate.Async.drainQueues [as _onImmediate] (/word/git/56yun_weixin/node_modules/bluebird/js/release/async.js:17:14)
    at tryOnImmediate (timers.js:543:15)
    at processImmediate [as _immediateCallback] (timers.js:523:5)
Thu Aug 11 2016 16:09:56 GMT+0800 (CST):url:/wx/oauth/userToken+,params:{},error:GET:/wx/oauth/userToken,ReferenceError: reject is not defined
    at Promise.resolve.then (/word/git/56yun_weixin/server/service/wechatUserService.js:71:9)
    at bound (domain.js:280:14)
    at runBound (domain.js:293:12)
    at tryCatcher (/word/git/56yun_weixin/node_modules/bluebird/js/release/util.js:16:23)
    at Promise._settlePromiseFromHandler (/word/git/56yun_weixin/node_modules/bluebird/js/release/promise.js:502:31)
    at Promise._settlePromise (/word/git/56yun_weixin/node_modules/bluebird/js/release/promise.js:559:18)
    at Promise._settlePromiseCtx (/word/git/56yun_weixin/node_modules/bluebird/js/release/promise.js:596:10)
    at Async._drainQueue (/word/git/56yun_weixin/node_modules/bluebird/js/release/async.js:143:12)
    at Async._drainQueues (/word/git/56yun_weixin/node_modules/bluebird/js/release/async.js:148:10)
    at Immediate.Async.drainQueues [as _onImmediate] (/word/git/56yun_weixin/node_modules/bluebird/js/release/async.js:17:14)
    at tryOnImmediate (timers.js:543:15)
    at processImmediate [as _immediateCallback] (timers.js:523:5)
Thu Aug 11 2016 16:25:35 GMT+0800 (CST):url:/wx/oauth/userToken+,params:{},error:GET:/wx/oauth/userToken,Error: Missing where attribute in the options parameter passed to update.
    at Function.update (/word/git/56yun_weixin/node_modules/sequelize/lib/model.js:2435:13)
    at WechatUserService.UpdatedUserInfo (/word/git/56yun_weixin/server/service/wechatUserService.js:54:27)
    at next (native)
    at /word/git/56yun_weixin/server/controllers/weixinRouter.js:58:55
    at next (native)
    at tryCatcher (/word/git/56yun_weixin/node_modules/bluebird/js/release/util.js:16:23)
    at PromiseSpawn._promiseFulfilled (/word/git/56yun_weixin/node_modules/bluebird/js/release/generators.js:97:49)
    at Promise._settlePromise (/word/git/56yun_weixin/node_modules/bluebird/js/release/promise.js:564:26)
    at Promise._settlePromise0 (/word/git/56yun_weixin/node_modules/bluebird/js/release/promise.js:604:10)
    at Promise._settlePromises (/word/git/56yun_weixin/node_modules/bluebird/js/release/promise.js:683:18)
    at Async._drainQueue (/word/git/56yun_weixin/node_modules/bluebird/js/release/async.js:138:16)
    at Async._drainQueues (/word/git/56yun_weixin/node_modules/bluebird/js/release/async.js:148:10)
    at Immediate.Async.drainQueues [as _onImmediate] (/word/git/56yun_weixin/node_modules/bluebird/js/release/async.js:17:14)
    at tryOnImmediate (timers.js:543:15)
    at processImmediate [as _immediateCallback] (timers.js:523:5)
Thu Aug 11 2016 16:26:59 GMT+0800 (CST):url:/wx/oauth/userToken+,params:{},error:GET:/wx/oauth/userToken,Error: Missing where attribute in the options parameter passed to update.
    at Function.update (/word/git/56yun_weixin/node_modules/sequelize/lib/model.js:2435:13)
    at WechatUserService.UpdatedUserInfo (/word/git/56yun_weixin/server/service/wechatUserService.js:54:32)
    at next (native)
    at /word/git/56yun_weixin/server/controllers/weixinRouter.js:58:55
    at next (native)
    at tryCatcher (/word/git/56yun_weixin/node_modules/bluebird/js/release/util.js:16:23)
    at PromiseSpawn._promiseFulfilled (/word/git/56yun_weixin/node_modules/bluebird/js/release/generators.js:97:49)
    at Promise._settlePromise (/word/git/56yun_weixin/node_modules/bluebird/js/release/promise.js:564:26)
    at Promise._settlePromise0 (/word/git/56yun_weixin/node_modules/bluebird/js/release/promise.js:604:10)
    at Promise._settlePromises (/word/git/56yun_weixin/node_modules/bluebird/js/release/promise.js:683:18)
    at Async._drainQueue (/word/git/56yun_weixin/node_modules/bluebird/js/release/async.js:138:16)
    at Async._drainQueues (/word/git/56yun_weixin/node_modules/bluebird/js/release/async.js:148:10)
    at Immediate.Async.drainQueues [as _onImmediate] (/word/git/56yun_weixin/node_modules/bluebird/js/release/async.js:17:14)
    at tryOnImmediate (timers.js:543:15)
    at processImmediate [as _immediateCallback] (timers.js:523:5)
Thu Aug 11 2016 16:28:07 GMT+0800 (CST):url:/wx/oauth/userToken+,params:{},error:GET:/wx/oauth/userToken,Error: dasdasds
    at WechatUserService.UpdatedUserInfo (/word/git/56yun_weixin/server/service/wechatUserService.js:54:19)
    at next (native)
    at /word/git/56yun_weixin/server/controllers/weixinRouter.js:58:55
    at next (native)
    at tryCatcher (/word/git/56yun_weixin/node_modules/bluebird/js/release/util.js:16:23)
    at PromiseSpawn._promiseFulfilled (/word/git/56yun_weixin/node_modules/bluebird/js/release/generators.js:97:49)
    at Promise._settlePromise (/word/git/56yun_weixin/node_modules/bluebird/js/release/promise.js:564:26)
    at Promise._settlePromise0 (/word/git/56yun_weixin/node_modules/bluebird/js/release/promise.js:604:10)
    at Promise._settlePromises (/word/git/56yun_weixin/node_modules/bluebird/js/release/promise.js:683:18)
    at Async._drainQueue (/word/git/56yun_weixin/node_modules/bluebird/js/release/async.js:138:16)
    at Async._drainQueues (/word/git/56yun_weixin/node_modules/bluebird/js/release/async.js:148:10)
    at Immediate.Async.drainQueues [as _onImmediate] (/word/git/56yun_weixin/node_modules/bluebird/js/release/async.js:17:14)
    at tryOnImmediate (timers.js:543:15)
    at processImmediate [as _immediateCallback] (timers.js:523:5)
Thu Aug 11 2016 16:28:35 GMT+0800 (CST):url:/wx/oauth/userToken+,params:{},error:GET:/wx/oauth/userToken,Error: dasdasds
    at WechatUserService.UpdatedUserInfo (/word/git/56yun_weixin/server/service/wechatUserService.js:54:19)
    at next (native)
    at /word/git/56yun_weixin/server/controllers/weixinRouter.js:58:55
    at next (native)
    at tryCatcher (/word/git/56yun_weixin/node_modules/bluebird/js/release/util.js:16:23)
    at PromiseSpawn._promiseFulfilled (/word/git/56yun_weixin/node_modules/bluebird/js/release/generators.js:97:49)
    at Promise._settlePromise (/word/git/56yun_weixin/node_modules/bluebird/js/release/promise.js:564:26)
    at Promise._settlePromise0 (/word/git/56yun_weixin/node_modules/bluebird/js/release/promise.js:604:10)
    at Promise._settlePromises (/word/git/56yun_weixin/node_modules/bluebird/js/release/promise.js:683:18)
    at Async._drainQueue (/word/git/56yun_weixin/node_modules/bluebird/js/release/async.js:138:16)
    at Async._drainQueues (/word/git/56yun_weixin/node_modules/bluebird/js/release/async.js:148:10)
    at Immediate.Async.drainQueues [as _onImmediate] (/word/git/56yun_weixin/node_modules/bluebird/js/release/async.js:17:14)
    at tryOnImmediate (timers.js:543:15)
    at processImmediate [as _immediateCallback] (timers.js:523:5)
Thu Aug 11 2016 16:32:31 GMT+0800 (CST):error:MISCONF Redis is configured to save RDB snapshots, but is currently not able to persist on disk. Commands that may modify the data set are disabled. Please check Redis logs for details about the error.,ReplyError: MISCONF Redis is configured to save RDB snapshots, but is currently not able to persist on disk. Commands that may modify the data set are disabled. Please check Redis logs for details about the error.
    at parseError (/word/git/56yun_weixin/node_modules/redis-parser/lib/parser.js:161:12)
    at parseType (/word/git/56yun_weixin/node_modules/redis-parser/lib/parser.js:222:14)
Thu Aug 11 2016 16:32:31 GMT+0800 (CST):error:MISCONF Redis is configured to save RDB snapshots, but is currently not able to persist on disk. Commands that may modify the data set are disabled. Please check Redis logs for details about the error.,ReplyError: MISCONF Redis is configured to save RDB snapshots, but is currently not able to persist on disk. Commands that may modify the data set are disabled. Please check Redis logs for details about the error.
    at parseError (/word/git/56yun_weixin/node_modules/redis-parser/lib/parser.js:161:12)
    at parseType (/word/git/56yun_weixin/node_modules/redis-parser/lib/parser.js:222:14)
Thu Aug 11 2016 16:32:31 GMT+0800 (CST):error:MISCONF Redis is configured to save RDB snapshots, but is currently not able to persist on disk. Commands that may modify the data set are disabled. Please check Redis logs for details about the error.,ReplyError: MISCONF Redis is configured to save RDB snapshots, but is currently not able to persist on disk. Commands that may modify the data set are disabled. Please check Redis logs for details about the error.
    at parseError (/word/git/56yun_weixin/node_modules/redis-parser/lib/parser.js:161:12)
    at parseType (/word/git/56yun_weixin/node_modules/redis-parser/lib/parser.js:222:14)
Thu Aug 11 2016 16:33:35 GMT+0800 (CST):url:/wx/oauth/userToken+,params:{},error:GET:/wx/oauth/userToken,SequelizeUniqueConstraintError: Validation error
    at Query.formatError (/word/git/56yun_weixin/node_modules/sequelize/lib/dialects/mysql/query.js:185:14)
    at Query.<anonymous> (/word/git/56yun_weixin/node_modules/sequelize/lib/dialects/mysql/query.js:51:21)
    at bound (domain.js:280:14)
    at Query.runBound [as _callback] (domain.js:293:12)
    at Query.Sequence.end (/word/git/56yun_weixin/node_modules/mysql/lib/protocol/sequences/Sequence.js:85:24)
    at Query.ErrorPacket (/word/git/56yun_weixin/node_modules/mysql/lib/protocol/sequences/Query.js:94:8)
    at Protocol._parsePacket (/word/git/56yun_weixin/node_modules/mysql/lib/protocol/Protocol.js:280:23)
    at Parser.write (/word/git/56yun_weixin/node_modules/mysql/lib/protocol/Parser.js:74:12)
    at Protocol.write (/word/git/56yun_weixin/node_modules/mysql/lib/protocol/Protocol.js:39:16)
    at Socket.<anonymous> (/word/git/56yun_weixin/node_modules/mysql/lib/Connection.js:109:28)
    at emitOne (events.js:96:13)
    at Socket.emit (events.js:188:7)
    at readableAddChunk (_stream_readable.js:172:18)
    at Socket.Readable.push (_stream_readable.js:130:10)
    at TCP.onread (net.js:542:20)
Thu Aug 11 2016 16:34:50 GMT+0800 (CST):url:/wx/oauth/userToken+,params:{},error:GET:/wx/oauth/userToken,SequelizeUniqueConstraintError: Validation error
    at Query.formatError (/word/git/56yun_weixin/node_modules/sequelize/lib/dialects/mysql/query.js:185:14)
    at Query.<anonymous> (/word/git/56yun_weixin/node_modules/sequelize/lib/dialects/mysql/query.js:51:21)
    at bound (domain.js:280:14)
    at Query.runBound [as _callback] (domain.js:293:12)
    at Query.Sequence.end (/word/git/56yun_weixin/node_modules/mysql/lib/protocol/sequences/Sequence.js:85:24)
    at Query.ErrorPacket (/word/git/56yun_weixin/node_modules/mysql/lib/protocol/sequences/Query.js:94:8)
    at Protocol._parsePacket (/word/git/56yun_weixin/node_modules/mysql/lib/protocol/Protocol.js:280:23)
    at Parser.write (/word/git/56yun_weixin/node_modules/mysql/lib/protocol/Parser.js:74:12)
    at Protocol.write (/word/git/56yun_weixin/node_modules/mysql/lib/protocol/Protocol.js:39:16)
    at Socket.<anonymous> (/word/git/56yun_weixin/node_modules/mysql/lib/Connection.js:109:28)
    at emitOne (events.js:96:13)
    at Socket.emit (events.js:188:7)
    at readableAddChunk (_stream_readable.js:172:18)
    at Socket.Readable.push (_stream_readable.js:130:10)
    at TCP.onread (net.js:542:20)
Thu Aug 11 2016 16:35:10 GMT+0800 (CST):url:/wx/oauth/userToken+,params:{},error:GET:/wx/oauth/userToken,Error: creartUserToken:openid is not
    at WechatUserService.creartUserToken (/word/git/56yun_weixin/server/service/wechatUserService.js:23:19)
    at next (native)
    at WechatUserService.UpdatedUserInfo (/word/git/56yun_weixin/server/service/wechatUserService.js:64:38)
    at next (native)
    at /word/git/56yun_weixin/server/controllers/weixinRouter.js:58:55
    at next (native)
    at tryCatcher (/word/git/56yun_weixin/node_modules/bluebird/js/release/util.js:16:23)
    at PromiseSpawn._promiseFulfilled (/word/git/56yun_weixin/node_modules/bluebird/js/release/generators.js:97:49)
    at Promise._settlePromise (/word/git/56yun_weixin/node_modules/bluebird/js/release/promise.js:564:26)
    at Promise._settlePromise0 (/word/git/56yun_weixin/node_modules/bluebird/js/release/promise.js:604:10)
    at Promise._settlePromises (/word/git/56yun_weixin/node_modules/bluebird/js/release/promise.js:683:18)
    at Async._drainQueue (/word/git/56yun_weixin/node_modules/bluebird/js/release/async.js:138:16)
    at Async._drainQueues (/word/git/56yun_weixin/node_modules/bluebird/js/release/async.js:148:10)
    at Immediate.Async.drainQueues [as _onImmediate] (/word/git/56yun_weixin/node_modules/bluebird/js/release/async.js:17:14)
    at tryOnImmediate (timers.js:543:15)
    at processImmediate [as _immediateCallback] (timers.js:523:5)
Thu Aug 11 2016 16:38:58 GMT+0800 (CST):url:/wx/oauth/userToken1+,params:{},error:GET:/wx/oauth/userToken1,Error: SADA
    at /word/git/56yun_weixin/server/controllers/weixinRouter.js:69:15
    at Layer.handle [as handle_request] (/word/git/56yun_weixin/node_modules/express/lib/router/layer.js:95:5)
    at next (/word/git/56yun_weixin/node_modules/express/lib/router/route.js:131:13)
    at Route.dispatch (/word/git/56yun_weixin/node_modules/express/lib/router/route.js:112:3)
    at Layer.handle [as handle_request] (/word/git/56yun_weixin/node_modules/express/lib/router/layer.js:95:5)
    at /word/git/56yun_weixin/node_modules/express/lib/router/index.js:277:22
    at Function.process_params (/word/git/56yun_weixin/node_modules/express/lib/router/index.js:330:12)
    at Domain.next (/word/git/56yun_weixin/node_modules/express/lib/router/index.js:271:10)
    at Domain.run (domain.js:221:14)
    at Object.IOException.nioExceptionHandle (/word/git/56yun_weixin/server/helpers/exception.js:72:22)
    at /word/git/56yun_weixin/app.js:30:15
    at Layer.handle [as handle_request] (/word/git/56yun_weixin/node_modules/express/lib/router/layer.js:95:5)
    at trim_prefix (/word/git/56yun_weixin/node_modules/express/lib/router/index.js:312:13)
    at /word/git/56yun_weixin/node_modules/express/lib/router/index.js:280:7
    at Function.process_params (/word/git/56yun_weixin/node_modules/express/lib/router/index.js:330:12)
    at next (/word/git/56yun_weixin/node_modules/express/lib/router/index.js:271:10)
Thu Aug 11 2016 17:01:18 GMT+0800 (CST):url:/wx/oauth/userToken1+,params:{},error:GET:/wx/oauth/userToken1,Error: Missing where attribute in the options parameter passed to update.
    at Function.update (/word/git/56yun_weixin/node_modules/sequelize/lib/model.js:2435:13)
    at WechatUserService.UpdatedUserInfo (/word/git/56yun_weixin/server/service/wechatUserService.js:53:27)
    at next (native)
    at /word/git/56yun_weixin/server/controllers/weixinRouter.js:76:55
    at next (native)
    at tryCatcher (/word/git/56yun_weixin/node_modules/bluebird/js/release/util.js:16:23)
    at PromiseSpawn._promiseFulfilled (/word/git/56yun_weixin/node_modules/bluebird/js/release/generators.js:97:49)
    at Promise._settlePromise (/word/git/56yun_weixin/node_modules/bluebird/js/release/promise.js:564:26)
    at Promise._settlePromise0 (/word/git/56yun_weixin/node_modules/bluebird/js/release/promise.js:604:10)
    at Promise._settlePromises (/word/git/56yun_weixin/node_modules/bluebird/js/release/promise.js:683:18)
    at Async._drainQueue (/word/git/56yun_weixin/node_modules/bluebird/js/release/async.js:138:16)
    at Async._drainQueues (/word/git/56yun_weixin/node_modules/bluebird/js/release/async.js:148:10)
    at Immediate.Async.drainQueues [as _onImmediate] (/word/git/56yun_weixin/node_modules/bluebird/js/release/async.js:17:14)
    at tryOnImmediate (timers.js:543:15)
    at processImmediate [as _immediateCallback] (timers.js:523:5)
Thu Aug 11 2016 17:02:12 GMT+0800 (CST):url:/wx/oauth/userToken1+,params:{},error:GET:/wx/oauth/userToken1,Error: creartUserToken:openid is not
    at WechatUserService.creartUserToken (/word/git/56yun_weixin/server/service/wechatUserService.js:23:19)
    at next (native)
    at WechatUserService.UpdatedUserInfo (/word/git/56yun_weixin/server/service/wechatUserService.js:64:38)
    at next (native)
    at /word/git/56yun_weixin/server/controllers/weixinRouter.js:76:55
    at next (native)
    at tryCatcher (/word/git/56yun_weixin/node_modules/bluebird/js/release/util.js:16:23)
    at PromiseSpawn._promiseFulfilled (/word/git/56yun_weixin/node_modules/bluebird/js/release/generators.js:97:49)
    at Promise._settlePromise (/word/git/56yun_weixin/node_modules/bluebird/js/release/promise.js:564:26)
    at Promise._settlePromise0 (/word/git/56yun_weixin/node_modules/bluebird/js/release/promise.js:604:10)
    at Promise._settlePromises (/word/git/56yun_weixin/node_modules/bluebird/js/release/promise.js:683:18)
    at Async._drainQueue (/word/git/56yun_weixin/node_modules/bluebird/js/release/async.js:138:16)
    at Async._drainQueues (/word/git/56yun_weixin/node_modules/bluebird/js/release/async.js:148:10)
    at Immediate.Async.drainQueues [as _onImmediate] (/word/git/56yun_weixin/node_modules/bluebird/js/release/async.js:17:14)
    at tryOnImmediate (timers.js:543:15)
    at processImmediate [as _immediateCallback] (timers.js:523:5)
Thu Aug 11 2016 17:02:47 GMT+0800 (CST):error:MISCONF Redis is configured to save RDB snapshots, but is currently not able to persist on disk. Commands that may modify the data set are disabled. Please check Redis logs for details about the error.,ReplyError: MISCONF Redis is configured to save RDB snapshots, but is currently not able to persist on disk. Commands that may modify the data set are disabled. Please check Redis logs for details about the error.
    at parseError (/word/git/56yun_weixin/node_modules/redis-parser/lib/parser.js:161:12)
    at parseType (/word/git/56yun_weixin/node_modules/redis-parser/lib/parser.js:222:14)
Thu Aug 11 2016 17:02:47 GMT+0800 (CST):error:MISCONF Redis is configured to save RDB snapshots, but is currently not able to persist on disk. Commands that may modify the data set are disabled. Please check Redis logs for details about the error.,ReplyError: MISCONF Redis is configured to save RDB snapshots, but is currently not able to persist on disk. Commands that may modify the data set are disabled. Please check Redis logs for details about the error.
    at parseError (/word/git/56yun_weixin/node_modules/redis-parser/lib/parser.js:161:12)
    at parseType (/word/git/56yun_weixin/node_modules/redis-parser/lib/parser.js:222:14)
Thu Aug 11 2016 17:02:47 GMT+0800 (CST):error:MISCONF Redis is configured to save RDB snapshots, but is currently not able to persist on disk. Commands that may modify the data set are disabled. Please check Redis logs for details about the error.,ReplyError: MISCONF Redis is configured to save RDB snapshots, but is currently not able to persist on disk. Commands that may modify the data set are disabled. Please check Redis logs for details about the error.
    at parseError (/word/git/56yun_weixin/node_modules/redis-parser/lib/parser.js:161:12)
    at parseType (/word/git/56yun_weixin/node_modules/redis-parser/lib/parser.js:222:14)
Thu Aug 11 2016 17:03:57 GMT+0800 (CST):url:/wx/oauth/userToken1+,params:{},error:GET:/wx/oauth/userToken1,ReferenceError: userToken is not defined
    at WechatUserService.UpdatedUserInfo (/word/git/56yun_weixin/server/service/wechatUserService.js:65:16)
    at next (native)
    at /word/git/56yun_weixin/server/controllers/weixinRouter.js:76:55
    at next (native)
    at tryCatcher (/word/git/56yun_weixin/node_modules/bluebird/js/release/util.js:16:23)
    at PromiseSpawn._promiseFulfilled (/word/git/56yun_weixin/node_modules/bluebird/js/release/generators.js:97:49)
    at Promise._settlePromise (/word/git/56yun_weixin/node_modules/bluebird/js/release/promise.js:564:26)
    at Promise._settlePromise0 (/word/git/56yun_weixin/node_modules/bluebird/js/release/promise.js:604:10)
    at Promise._settlePromises (/word/git/56yun_weixin/node_modules/bluebird/js/release/promise.js:683:18)
    at Async._drainQueue (/word/git/56yun_weixin/node_modules/bluebird/js/release/async.js:138:16)
    at Async._drainQueues (/word/git/56yun_weixin/node_modules/bluebird/js/release/async.js:148:10)
    at Immediate.Async.drainQueues [as _onImmediate] (/word/git/56yun_weixin/node_modules/bluebird/js/release/async.js:17:14)
    at tryOnImmediate (timers.js:543:15)
    at processImmediate [as _immediateCallback] (timers.js:523:5)
Thu Aug 11 2016 17:10:06 GMT+0800 (CST):url:/wx/oauth/userToken1+,params:{},error:GET:/wx/oauth/userToken1,TypeError: console.inf is not a function
    at IOException.unhandledRejectionHandle (/word/git/56yun_weixin/server/helpers/exception.js:89:17)
    at Layer.handle [as handle_request] (/word/git/56yun_weixin/node_modules/express/lib/router/layer.js:95:5)
    at trim_prefix (/word/git/56yun_weixin/node_modules/express/lib/router/index.js:312:13)
    at /word/git/56yun_weixin/node_modules/express/lib/router/index.js:280:7
    at Function.process_params (/word/git/56yun_weixin/node_modules/express/lib/router/index.js:330:12)
    at Domain.next (/word/git/56yun_weixin/node_modules/express/lib/router/index.js:271:10)
    at Domain.run (domain.js:221:14)
    at Object.IOException.nioExceptionHandle (/word/git/56yun_weixin/server/helpers/exception.js:71:22)
    at /word/git/56yun_weixin/app.js:29:15
    at Layer.handle [as handle_request] (/word/git/56yun_weixin/node_modules/express/lib/router/layer.js:95:5)
    at trim_prefix (/word/git/56yun_weixin/node_modules/express/lib/router/index.js:312:13)
    at /word/git/56yun_weixin/node_modules/express/lib/router/index.js:280:7
    at Function.process_params (/word/git/56yun_weixin/node_modules/express/lib/router/index.js:330:12)
    at next (/word/git/56yun_weixin/node_modules/express/lib/router/index.js:271:10)
    at SendStream.error (/word/git/56yun_weixin/node_modules/express/node_modules/serve-static/index.js:120:7)
    at emitOne (events.js:96:13)
Thu Aug 11 2016 17:17:59 GMT+0800 (CST):url:/wx/oauth/userToken1+,params:{},error:GET:/wx/oauth/userToken1,SequelizeUniqueConstraintError: Validation error
    at Query.formatError (/word/git/56yun_weixin/node_modules/sequelize/lib/dialects/mysql/query.js:185:14)
    at Query.<anonymous> (/word/git/56yun_weixin/node_modules/sequelize/lib/dialects/mysql/query.js:51:21)
    at bound (domain.js:280:14)
    at Query.runBound [as _callback] (domain.js:293:12)
    at Query.Sequence.end (/word/git/56yun_weixin/node_modules/mysql/lib/protocol/sequences/Sequence.js:85:24)
    at Query.ErrorPacket (/word/git/56yun_weixin/node_modules/mysql/lib/protocol/sequences/Query.js:94:8)
    at Protocol._parsePacket (/word/git/56yun_weixin/node_modules/mysql/lib/protocol/Protocol.js:280:23)
    at Parser.write (/word/git/56yun_weixin/node_modules/mysql/lib/protocol/Parser.js:74:12)
    at Protocol.write (/word/git/56yun_weixin/node_modules/mysql/lib/protocol/Protocol.js:39:16)
    at Socket.<anonymous> (/word/git/56yun_weixin/node_modules/mysql/lib/Connection.js:109:28)
    at emitOne (events.js:96:13)
    at Socket.emit (events.js:188:7)
    at readableAddChunk (_stream_readable.js:172:18)
    at Socket.Readable.push (_stream_readable.js:130:10)
    at TCP.onread (net.js:542:20)
Thu Aug 11 2016 17:17:59 GMT+0800 (CST):url:/wx/oauth/userToken1+,params:{},error:GET:/wx/oauth/userToken1,Error: Can't set headers after they are sent.
    at ServerResponse.OutgoingMessage.setHeader (_http_outgoing.js:346:11)
    at ServerResponse.header (/word/git/56yun_weixin/node_modules/express/lib/response.js:718:10)
    at ServerResponse.send (/word/git/56yun_weixin/node_modules/express/lib/response.js:163:12)
    at ServerResponse.json (/word/git/56yun_weixin/node_modules/express/lib/response.js:249:15)
    at saveLog (/word/git/56yun_weixin/server/helpers/exception.js:33:9)
    at process.<anonymous> (/word/git/56yun_weixin/server/helpers/exception.js:93:13)
    at emitTwo (events.js:106:13)
    at process.emit (events.js:191:7)
    at methodName (/word/git/56yun_weixin/node_modules/bluebird/js/release/debuggability.js:159:33)
    at activeFireEvent (/word/git/56yun_weixin/node_modules/bluebird/js/release/debuggability.js:202:44)
    at fireRejectionEvent (/word/git/56yun_weixin/node_modules/bluebird/js/release/debuggability.js:553:14)
    at Promise._notifyUnhandledRejection (/word/git/56yun_weixin/node_modules/bluebird/js/release/debuggability.js:59:9)
    at Async._drainQueue (/word/git/56yun_weixin/node_modules/bluebird/js/release/async.js:143:12)
    at Async._drainQueues (/word/git/56yun_weixin/node_modules/bluebird/js/release/async.js:151:10)
    at Immediate.Async.drainQueues [as _onImmediate] (/word/git/56yun_weixin/node_modules/bluebird/js/release/async.js:17:14)
    at tryOnImmediate (timers.js:543:15)
Thu Aug 11 2016 17:18:32 GMT+0800 (CST):url:/wx/oauth/userToken1+,params:{},error:GET:/wx/oauth/userToken1,SequelizeUniqueConstraintError: Validation error
    at Query.formatError (/word/git/56yun_weixin/node_modules/sequelize/lib/dialects/mysql/query.js:185:14)
    at Query.<anonymous> (/word/git/56yun_weixin/node_modules/sequelize/lib/dialects/mysql/query.js:51:21)
    at bound (domain.js:280:14)
    at Query.runBound [as _callback] (domain.js:293:12)
    at Query.Sequence.end (/word/git/56yun_weixin/node_modules/mysql/lib/protocol/sequences/Sequence.js:85:24)
    at Query.ErrorPacket (/word/git/56yun_weixin/node_modules/mysql/lib/protocol/sequences/Query.js:94:8)
    at Protocol._parsePacket (/word/git/56yun_weixin/node_modules/mysql/lib/protocol/Protocol.js:280:23)
    at Parser.write (/word/git/56yun_weixin/node_modules/mysql/lib/protocol/Parser.js:74:12)
    at Protocol.write (/word/git/56yun_weixin/node_modules/mysql/lib/protocol/Protocol.js:39:16)
    at Socket.<anonymous> (/word/git/56yun_weixin/node_modules/mysql/lib/Connection.js:109:28)
    at emitOne (events.js:96:13)
    at Socket.emit (events.js:188:7)
    at readableAddChunk (_stream_readable.js:172:18)
    at Socket.Readable.push (_stream_readable.js:130:10)
    at TCP.onread (net.js:542:20)
Thu Aug 11 2016 17:22:17 GMT+0800 (CST):error:Validation error,SequelizeUniqueConstraintError: Validation error
    at Query.formatError (/word/git/56yun_weixin/node_modules/sequelize/lib/dialects/mysql/query.js:185:14)
    at Query.<anonymous> (/word/git/56yun_weixin/node_modules/sequelize/lib/dialects/mysql/query.js:51:21)
    at bound (domain.js:280:14)
    at Query.runBound [as _callback] (domain.js:293:12)
    at Query.Sequence.end (/word/git/56yun_weixin/node_modules/mysql/lib/protocol/sequences/Sequence.js:85:24)
    at Query.ErrorPacket (/word/git/56yun_weixin/node_modules/mysql/lib/protocol/sequences/Query.js:94:8)
    at Protocol._parsePacket (/word/git/56yun_weixin/node_modules/mysql/lib/protocol/Protocol.js:280:23)
    at Parser.write (/word/git/56yun_weixin/node_modules/mysql/lib/protocol/Parser.js:74:12)
    at Protocol.write (/word/git/56yun_weixin/node_modules/mysql/lib/protocol/Protocol.js:39:16)
    at Socket.<anonymous> (/word/git/56yun_weixin/node_modules/mysql/lib/Connection.js:109:28)
    at emitOne (events.js:96:13)
    at Socket.emit (events.js:188:7)
    at readableAddChunk (_stream_readable.js:172:18)
    at Socket.Readable.push (_stream_readable.js:130:10)
    at TCP.onread (net.js:542:20)
Thu Aug 11 2016 17:49:23 GMT+0800 (CST):error:Redis connection to 127.0.0.1:6999 failed - connect ECONNREFUSED 127.0.0.1:6999,Error: Redis connection to 127.0.0.1:6999 failed - connect ECONNREFUSED 127.0.0.1:6999
    at Object.exports._errnoException (util.js:1007:11)
    at exports._exceptionWithHostPort (util.js:1030:20)
    at TCPConnectWrap.afterConnect [as oncomplete] (net.js:1080:14)
Thu Aug 11 2016 17:49:23 GMT+0800 (CST):error:Redis connection lost and command aborted. It might have been processed.,AbortError: Redis connection lost and command aborted. It might have been processed.
    at RedisClient.flush_and_error (/word/git/56yun_weixin/node_modules/redis/index.js:350:23)
    at RedisClient.connection_gone (/word/git/56yun_weixin/node_modules/redis/index.js:652:14)
    at RedisClient.on_error (/word/git/56yun_weixin/node_modules/redis/index.js:398:10)
    at Socket.<anonymous> (/word/git/56yun_weixin/node_modules/redis/index.js:272:14)
    at emitOne (events.js:96:13)
    at Socket.emit (events.js:188:7)
    at emitErrorNT (net.js:1272:8)
    at _combinedTickCallback (internal/process/next_tick.js:74:11)
    at process._tickDomainCallback (internal/process/next_tick.js:122:9)
Thu Aug 11 2016 17:49:23 GMT+0800 (CST):error:Redis connection to 127.0.0.1:6999 failed - connect ECONNREFUSED 127.0.0.1:6999,Error: Redis connection to 127.0.0.1:6999 failed - connect ECONNREFUSED 127.0.0.1:6999
    at Object.exports._errnoException (util.js:1007:11)
    at exports._exceptionWithHostPort (util.js:1030:20)
    at TCPConnectWrap.afterConnect [as oncomplete] (net.js:1080:14)
Thu Aug 11 2016 17:49:23 GMT+0800 (CST):error:Redis connection lost and command aborted. It might have been processed.,AbortError: Redis connection lost and command aborted. It might have been processed.
    at RedisClient.flush_and_error (/word/git/56yun_weixin/node_modules/redis/index.js:350:23)
    at RedisClient.connection_gone (/word/git/56yun_weixin/node_modules/redis/index.js:652:14)
    at RedisClient.on_error (/word/git/56yun_weixin/node_modules/redis/index.js:398:10)
    at Socket.<anonymous> (/word/git/56yun_weixin/node_modules/redis/index.js:272:14)
    at emitOne (events.js:96:13)
    at Socket.emit (events.js:188:7)
    at emitErrorNT (net.js:1272:8)
    at _combinedTickCallback (internal/process/next_tick.js:74:11)
    at process._tickDomainCallback (internal/process/next_tick.js:122:9)
Thu Aug 11 2016 17:49:24 GMT+0800 (CST):error:Redis connection to 127.0.0.1:6999 failed - connect ECONNREFUSED 127.0.0.1:6999,Error: Redis connection to 127.0.0.1:6999 failed - connect ECONNREFUSED 127.0.0.1:6999
    at Object.exports._errnoException (util.js:1007:11)
    at exports._exceptionWithHostPort (util.js:1030:20)
    at TCPConnectWrap.afterConnect [as oncomplete] (net.js:1080:14)
Thu Aug 11 2016 17:49:24 GMT+0800 (CST):error:Redis connection lost and command aborted. It might have been processed.,AbortError: Redis connection lost and command aborted. It might have been processed.
    at RedisClient.flush_and_error (/word/git/56yun_weixin/node_modules/redis/index.js:350:23)
    at RedisClient.connection_gone (/word/git/56yun_weixin/node_modules/redis/index.js:652:14)
    at RedisClient.on_error (/word/git/56yun_weixin/node_modules/redis/index.js:398:10)
    at Socket.<anonymous> (/word/git/56yun_weixin/node_modules/redis/index.js:272:14)
    at emitOne (events.js:96:13)
    at Socket.emit (events.js:188:7)
    at emitErrorNT (net.js:1272:8)
    at _combinedTickCallback (internal/process/next_tick.js:74:11)
    at process._tickDomainCallback (internal/process/next_tick.js:122:9)
Fri Aug 12 2016 15:22:25 GMT+0800 (CST):error:ERR wrong number of arguments for 'get' command,ReplyError: ERR wrong number of arguments for 'get' command
    at parseError (/word/git/56yun_weixin/node_modules/redis-parser/lib/parser.js:161:12)
    at parseType (/word/git/56yun_weixin/node_modules/redis-parser/lib/parser.js:222:14)
Fri Aug 12 2016 15:24:10 GMT+0800 (CST):error:ERR wrong number of arguments for 'get' command,ReplyError: ERR wrong number of arguments for 'get' command
    at parseError (/word/git/56yun_weixin/node_modules/redis-parser/lib/parser.js:161:12)
    at parseType (/word/git/56yun_weixin/node_modules/redis-parser/lib/parser.js:222:14)
Thu Aug 25 2016 19:53:18 GMT+0800 (CST):unhandledRejection---------------------------
Thu Aug 25 2016 19:53:18 GMT+0800 (CST):error:MISCONF Redis is configured to save RDB snapshots, but is currently not able to persist on disk. Commands that may modify the data set are disabled. Please check Redis logs for details about the error.,ReplyError: MISCONF Redis is configured to save RDB snapshots, but is currently not able to persist on disk. Commands that may modify the data set are disabled. Please check Redis logs for details about the error.
    at parseError (/word/git/56yun_weixin/node_modules/redis-parser/lib/parser.js:161:12)
    at parseType (/word/git/56yun_weixin/node_modules/redis-parser/lib/parser.js:222:14)
